<?xml version="1.0" encoding="UTF-8"?>
<testsuite xmlns:xsi="http://www.w3.org/2001/XMLSchema-instance" xsi:noNamespaceSchemaLocation="https://maven.apache.org/surefire/maven-surefire-plugin/xsd/surefire-test-report.xsd" name="net.javaguides.springboot.RegistrationLoginSpringBootSecurityThymeleafApplicationTests" time="5.596" tests="1" errors="1" skipped="0" failures="0">
  <properties>
[...]
</properties>
  <testcase name="contextLoads" classname="net.javaguides.springboot.RegistrationLoginSpringBootSecurityThymeleafApplicationTests" time="0.014">
    <error message="Failed to load ApplicationContext" type="java.lang.IllegalStateException">java.lang.IllegalStateException: Failed to load ApplicationContext
Caused by: org.springframework.beans.factory.UnsatisfiedDependencyException: Error creating bean with name 'cloudinaryServiceImplementation': Unsatisfied dependency expressed through field 'cloudinary'; nested exception is org.springframework.beans.factory.NoSuchBeanDefinitionException: No qualifying bean of type 'com.cloudinary.Cloudinary' available: expected at least 1 bean which qualifies as autowire candidate. Dependency annotations: {@org.springframework.beans.factory.annotation.Autowired(required=true)}
Caused by: org.springframework.beans.factory.NoSuchBeanDefinitionException: No qualifying bean of type 'com.cloudinary.Cloudinary' available: expected at least 1 bean which qualifies as autowire candidate. Dependency annotations: {@org.springframework.beans.factory.annotation.Autowired(required=true)}
</error>
    <system-out><![CDATA[19:01:23.500 [main] DEBUG org.springframework.test.context.BootstrapUtils - Instantiating CacheAwareContextLoaderDelegate from class [org.springframework.test.context.cache.DefaultCacheAwareContextLoaderDelegate]
19:01:23.521 [main] DEBUG org.springframework.test.context.BootstrapUtils - Instantiating BootstrapContext using constructor [public org.springframework.test.context.support.DefaultBootstrapContext(java.lang.Class,org.springframework.test.context.CacheAwareContextLoaderDelegate)]
19:01:23.584 [main] DEBUG org.springframework.test.context.BootstrapUtils - Instantiating TestContextBootstrapper for test class [net.javaguides.springboot.RegistrationLoginSpringBootSecurityThymeleafApplicationTests] from class [org.springframework.boot.test.context.SpringBootTestContextBootstrapper]
19:01:23.619 [main] INFO org.springframework.boot.test.context.SpringBootTestContextBootstrapper - Neither @ContextConfiguration nor @ContextHierarchy found for test class [net.javaguides.springboot.RegistrationLoginSpringBootSecurityThymeleafApplicationTests], using SpringBootContextLoader
19:01:23.625 [main] DEBUG org.springframework.test.context.support.AbstractContextLoader - Did not detect default resource location for test class [net.javaguides.springboot.RegistrationLoginSpringBootSecurityThymeleafApplicationTests]: class path resource [net/javaguides/springboot/RegistrationLoginSpringBootSecurityThymeleafApplicationTests-context.xml] does not exist
19:01:23.627 [main] DEBUG org.springframework.test.context.support.AbstractContextLoader - Did not detect default resource location for test class [net.javaguides.springboot.RegistrationLoginSpringBootSecurityThymeleafApplicationTests]: class path resource [net/javaguides/springboot/RegistrationLoginSpringBootSecurityThymeleafApplicationTestsContext.groovy] does not exist
19:01:23.628 [main] INFO org.springframework.test.context.support.AbstractContextLoader - Could not detect default resource locations for test class [net.javaguides.springboot.RegistrationLoginSpringBootSecurityThymeleafApplicationTests]: no resource found for suffixes {-context.xml, Context.groovy}.
19:01:23.629 [main] INFO org.springframework.test.context.support.AnnotationConfigContextLoaderUtils - Could not detect default configuration classes for test class [net.javaguides.springboot.RegistrationLoginSpringBootSecurityThymeleafApplicationTests]: RegistrationLoginSpringBootSecurityThymeleafApplicationTests does not declare any static, non-private, non-final, nested classes annotated with @Configuration.
19:01:23.692 [main] DEBUG org.springframework.test.context.support.ActiveProfilesUtils - Could not find an 'annotation declaring class' for annotation type [org.springframework.test.context.ActiveProfiles] and class [net.javaguides.springboot.RegistrationLoginSpringBootSecurityThymeleafApplicationTests]
19:01:23.787 [main] DEBUG org.springframework.context.annotation.ClassPathScanningCandidateComponentProvider - Identified candidate component class: file [/home/brandon/Documents/registration-login-spring-boot-security-thymeleaf-hibernate/target/classes/net/javaguides/springboot/RegistrationLoginSpringBootSecurityThymeleafApplication.class]
19:01:23.789 [main] INFO org.springframework.boot.test.context.SpringBootTestContextBootstrapper - Found @SpringBootConfiguration net.javaguides.springboot.RegistrationLoginSpringBootSecurityThymeleafApplication for test class net.javaguides.springboot.RegistrationLoginSpringBootSecurityThymeleafApplicationTests
19:01:23.927 [main] DEBUG org.springframework.boot.test.context.SpringBootTestContextBootstrapper - @TestExecutionListeners is not present for class [net.javaguides.springboot.RegistrationLoginSpringBootSecurityThymeleafApplicationTests]: using defaults.
19:01:23.928 [main] INFO org.springframework.boot.test.context.SpringBootTestContextBootstrapper - Loaded default TestExecutionListener class names from location [META-INF/spring.factories]: [org.springframework.boot.test.mock.mockito.MockitoTestExecutionListener, org.springframework.boot.test.mock.mockito.ResetMocksTestExecutionListener, org.springframework.boot.test.autoconfigure.restdocs.RestDocsTestExecutionListener, org.springframework.boot.test.autoconfigure.web.client.MockRestServiceServerResetTestExecutionListener, org.springframework.boot.test.autoconfigure.web.servlet.MockMvcPrintOnlyOnFailureTestExecutionListener, org.springframework.boot.test.autoconfigure.web.servlet.WebDriverTestExecutionListener, org.springframework.boot.test.autoconfigure.webservices.client.MockWebServiceServerTestExecutionListener, org.springframework.test.context.web.ServletTestExecutionListener, org.springframework.test.context.support.DirtiesContextBeforeModesTestExecutionListener, org.springframework.test.context.support.DependencyInjectionTestExecutionListener, org.springframework.test.context.support.DirtiesContextTestExecutionListener, org.springframework.test.context.transaction.TransactionalTestExecutionListener, org.springframework.test.context.jdbc.SqlScriptsTestExecutionListener, org.springframework.test.context.event.EventPublishingTestExecutionListener, org.springframework.security.test.context.support.WithSecurityContextTestExecutionListener, org.springframework.security.test.context.support.ReactorContextTestExecutionListener]
19:01:23.963 [main] INFO org.springframework.boot.test.context.SpringBootTestContextBootstrapper - Using TestExecutionListeners: [org.springframework.test.context.web.ServletTestExecutionListener@10289886, org.springframework.test.context.support.DirtiesContextBeforeModesTestExecutionListener@5c86dbc5, org.springframework.boot.test.mock.mockito.MockitoTestExecutionListener@461ad730, org.springframework.boot.test.autoconfigure.SpringBootDependencyInjectionTestExecutionListener@4ee203eb, org.springframework.test.context.support.DirtiesContextTestExecutionListener@1a5a4e19, org.springframework.test.context.transaction.TransactionalTestExecutionListener@7068e664, org.springframework.test.context.jdbc.SqlScriptsTestExecutionListener@60db1c0e, org.springframework.test.context.event.EventPublishingTestExecutionListener@3e78b6a5, org.springframework.security.test.context.support.WithSecurityContextTestExecutionListener@769a1df5, org.springframework.security.test.context.support.ReactorContextTestExecutionListener@41f69e84, org.springframework.boot.test.mock.mockito.ResetMocksTestExecutionListener@7975d1d8, org.springframework.boot.test.autoconfigure.restdocs.RestDocsTestExecutionListener@2438dcd, org.springframework.boot.test.autoconfigure.web.client.MockRestServiceServerResetTestExecutionListener@24105dc5, org.springframework.boot.test.autoconfigure.web.servlet.MockMvcPrintOnlyOnFailureTestExecutionListener@5167f57d, org.springframework.boot.test.autoconfigure.web.servlet.WebDriverTestExecutionListener@64b0598, org.springframework.boot.test.autoconfigure.webservices.client.MockWebServiceServerTestExecutionListener@18f8cd79]
19:01:23.971 [main] DEBUG org.springframework.test.context.support.AbstractDirtiesContextTestExecutionListener - Before test class: context [DefaultTestContext@2f01783a testClass = RegistrationLoginSpringBootSecurityThymeleafApplicationTests, testInstance = [null], testMethod = [null], testException = [null], mergedContextConfiguration = [WebMergedContextConfiguration@68878f6d testClass = RegistrationLoginSpringBootSecurityThymeleafApplicationTests, locations = '{}', classes = '{class net.javaguides.springboot.RegistrationLoginSpringBootSecurityThymeleafApplication}', contextInitializerClasses = '[]', activeProfiles = '{}', propertySourceLocations = '{}', propertySourceProperties = '{org.springframework.boot.test.context.SpringBootTestContextBootstrapper=true}', contextCustomizers = set[org.springframework.boot.test.context.filter.ExcludeFilterContextCustomizer@55b699ef, org.springframework.boot.test.json.DuplicateJsonObjectContextCustomizerFactory$DuplicateJsonObjectContextCustomizer@18078bef, org.springframework.boot.test.mock.mockito.MockitoContextCustomizer@0, org.springframework.boot.test.web.client.TestRestTemplateContextCustomizer@55182842, org.springframework.boot.test.autoconfigure.properties.PropertyMappingContextCustomizer@0, org.springframework.boot.test.autoconfigure.web.servlet.WebDriverContextCustomizerFactory$Customizer@776aec5c, org.springframework.boot.test.context.SpringBootTestArgs@1], resourceBasePath = 'src/main/webapp', contextLoader = 'org.springframework.boot.test.context.SpringBootContextLoader', parent = [null]], attributes = map['org.springframework.test.context.web.ServletTestExecutionListener.activateListener' -> true]], class annotated with @DirtiesContext [false] with mode [null].
19:01:24.045 [main] DEBUG org.springframework.test.context.support.TestPropertySourceUtils - Adding inlined properties to environment: {spring.jmx.enabled=false, org.springframework.boot.test.context.SpringBootTestContextBootstrapper=true}

  .   ____          _            __ _ _
 /\\ / ___'_ __ _ _(_)_ __  __ _ \ \ \ \
( ( )\___ | '_ | '_| | '_ \/ _` | \ \ \ \
 \\/  ___)| |_)| | | | | || (_| |  ) ) ) )
  '  |____| .__|_| |_|_| |_\__, | / / / /
 =========|_|==============|___/=/_/_/_/
&amp#27;[32m :: Spring Boot :: &amp#27;[39m      &amp#27;[2m (v2.3.0.RELEASE)&amp#27;[0;39m

&amp#27;[2m2024-11-12 19:01:24.502&amp#27;[0;39m &amp#27;[32m INFO&amp#27;[0;39m &amp#27;[35m16773&amp#27;[0;39m &amp#27;[2m---&amp#27;[0;39m &amp#27;[2m[           main]&amp#27;[0;39m &amp#27;[36mingBootSecurityThymeleafApplicationTests&amp#27;[0;39m &amp#27;[2m:&amp#27;[0;39m Starting RegistrationLoginSpringBootSecurityThymeleafApplicationTests on brandon-HP-Laptop-15-dw1xxx with PID 16773 (started by brandon in /home/brandon/Documents/registration-login-spring-boot-security-thymeleaf-hibernate)
&amp#27;[2m2024-11-12 19:01:24.504&amp#27;[0;39m &amp#27;[32m INFO&amp#27;[0;39m &amp#27;[35m16773&amp#27;[0;39m &amp#27;[2m---&amp#27;[0;39m &amp#27;[2m[           main]&amp#27;[0;39m &amp#27;[36mingBootSecurityThymeleafApplicationTests&amp#27;[0;39m &amp#27;[2m:&amp#27;[0;39m No active profile set, falling back to default profiles: default
&amp#27;[2m2024-11-12 19:01:25.553&amp#27;[0;39m &amp#27;[32m INFO&amp#27;[0;39m &amp#27;[35m16773&amp#27;[0;39m &amp#27;[2m---&amp#27;[0;39m &amp#27;[2m[           main]&amp#27;[0;39m &amp#27;[36m.s.d.r.c.RepositoryConfigurationDelegate&amp#27;[0;39m &amp#27;[2m:&amp#27;[0;39m Bootstrapping Spring Data JPA repositories in DEFERRED mode.
&amp#27;[2m2024-11-12 19:01:25.686&amp#27;[0;39m &amp#27;[32m INFO&amp#27;[0;39m &amp#27;[35m16773&amp#27;[0;39m &amp#27;[2m---&amp#27;[0;39m &amp#27;[2m[           main]&amp#27;[0;39m &amp#27;[36m.s.d.r.c.RepositoryConfigurationDelegate&amp#27;[0;39m &amp#27;[2m:&amp#27;[0;39m Finished Spring Data repository scanning in 121ms. Found 3 JPA repository interfaces.
&amp#27;[2m2024-11-12 19:01:26.654&amp#27;[0;39m &amp#27;[32m INFO&amp#27;[0;39m &amp#27;[35m16773&amp#27;[0;39m &amp#27;[2m---&amp#27;[0;39m &amp#27;[2m[           main]&amp#27;[0;39m &amp#27;[36mo.s.s.concurrent.ThreadPoolTaskExecutor &amp#27;[0;39m &amp#27;[2m:&amp#27;[0;39m Initializing ExecutorService 'applicationTaskExecutor'
&amp#27;[2m2024-11-12 19:01:26.732&amp#27;[0;39m &amp#27;[32m INFO&amp#27;[0;39m &amp#27;[35m16773&amp#27;[0;39m &amp#27;[2m---&amp#27;[0;39m &amp#27;[2m[         task-1]&amp#27;[0;39m &amp#27;[36mo.hibernate.jpa.internal.util.LogHelper &amp#27;[0;39m &amp#27;[2m:&amp#27;[0;39m HHH000204: Processing PersistenceUnitInfo [name: default]
&amp#27;[2m2024-11-12 19:01:26.812&amp#27;[0;39m &amp#27;[32m INFO&amp#27;[0;39m &amp#27;[35m16773&amp#27;[0;39m &amp#27;[2m---&amp#27;[0;39m &amp#27;[2m[         task-1]&amp#27;[0;39m &amp#27;[36morg.hibernate.Version                   &amp#27;[0;39m &amp#27;[2m:&amp#27;[0;39m HHH000412: Hibernate ORM core version 5.4.15.Final
&amp#27;[2m2024-11-12 19:01:26.836&amp#27;[0;39m &amp#27;[33m WARN&amp#27;[0;39m &amp#27;[35m16773&amp#27;[0;39m &amp#27;[2m---&amp#27;[0;39m &amp#27;[2m[           main]&amp#27;[0;39m &amp#27;[36mJpaBaseConfiguration$JpaWebConfiguration&amp#27;[0;39m &amp#27;[2m:&amp#27;[0;39m spring.jpa.open-in-view is enabled by default. Therefore, database queries may be performed during view rendering. Explicitly configure spring.jpa.open-in-view to disable this warning
&amp#27;[2m2024-11-12 19:01:26.962&amp#27;[0;39m &amp#27;[33m WARN&amp#27;[0;39m &amp#27;[35m16773&amp#27;[0;39m &amp#27;[2m---&amp#27;[0;39m &amp#27;[2m[           main]&amp#27;[0;39m &amp#27;[36mo.s.w.c.s.GenericWebApplicationContext  &amp#27;[0;39m &amp#27;[2m:&amp#27;[0;39m Exception encountered during context initialization - cancelling refresh attempt: org.springframework.beans.factory.UnsatisfiedDependencyException: Error creating bean with name 'cloudinaryServiceImplementation': Unsatisfied dependency expressed through field 'cloudinary'; nested exception is org.springframework.beans.factory.NoSuchBeanDefinitionException: No qualifying bean of type 'com.cloudinary.Cloudinary' available: expected at least 1 bean which qualifies as autowire candidate. Dependency annotations: {@org.springframework.beans.factory.annotation.Autowired(required=true)}
&amp#27;[2m2024-11-12 19:01:26.963&amp#27;[0;39m &amp#27;[32m INFO&amp#27;[0;39m &amp#27;[35m16773&amp#27;[0;39m &amp#27;[2m---&amp#27;[0;39m &amp#27;[2m[           main]&amp#27;[0;39m &amp#27;[36mj.LocalContainerEntityManagerFactoryBean&amp#27;[0;39m &amp#27;[2m:&amp#27;[0;39m Closing JPA EntityManagerFactory for persistence unit 'default'
&amp#27;[2m2024-11-12 19:01:27.018&amp#27;[0;39m &amp#27;[32m INFO&amp#27;[0;39m &amp#27;[35m16773&amp#27;[0;39m &amp#27;[2m---&amp#27;[0;39m &amp#27;[2m[         task-1]&amp#27;[0;39m &amp#27;[36mo.hibernate.annotations.common.Version  &amp#27;[0;39m &amp#27;[2m:&amp#27;[0;39m HCANN000001: Hibernate Commons Annotations {5.1.0.Final}
&amp#27;[2m2024-11-12 19:01:27.056&amp#27;[0;39m &amp#27;[32mDEBUG&amp#27;[0;39m &amp#27;[35m16773&amp#27;[0;39m &amp#27;[2m---&amp#27;[0;39m &amp#27;[2m[         task-1]&amp#27;[0;39m &amp#27;[36morg.hibernate.type.BasicTypeRegistry    &amp#27;[0;39m &amp#27;[2m:&amp#27;[0;39m Adding type registration boolean -> org.hibernate.type.BooleanType@30578f3d
&amp#27;[2m2024-11-12 19:01:27.056&amp#27;[0;39m &amp#27;[32mDEBUG&amp#27;[0;39m &amp#27;[35m16773&amp#27;[0;39m &amp#27;[2m---&amp#27;[0;39m &amp#27;[2m[         task-1]&amp#27;[0;39m &amp#27;[36morg.hibernate.type.BasicTypeRegistry    &amp#27;[0;39m &amp#27;[2m:&amp#27;[0;39m Adding type registration boolean -> org.hibernate.type.BooleanType@30578f3d
&amp#27;[2m2024-11-12 19:01:27.057&amp#27;[0;39m &amp#27;[32mDEBUG&amp#27;[0;39m &amp#27;[35m16773&amp#27;[0;39m &amp#27;[2m---&amp#27;[0;39m &amp#27;[2m[         task-1]&amp#27;[0;39m &amp#27;[36morg.hibernate.type.BasicTypeRegistry    &amp#27;[0;39m &amp#27;[2m:&amp#27;[0;39m Adding type registration java.lang.Boolean -> org.hibernate.type.BooleanType@30578f3d
&amp#27;[2m2024-11-12 19:01:27.058&amp#27;[0;39m &amp#27;[32mDEBUG&amp#27;[0;39m &amp#27;[35m16773&amp#27;[0;39m &amp#27;[2m---&amp#27;[0;39m &amp#27;[2m[         task-1]&amp#27;[0;39m &amp#27;[36morg.hibernate.type.BasicTypeRegistry    &amp#27;[0;39m &amp#27;[2m:&amp#27;[0;39m Adding type registration numeric_boolean -> org.hibernate.type.NumericBooleanType@6b0ff9a1
&amp#27;[2m2024-11-12 19:01:27.059&amp#27;[0;39m &amp#27;[32mDEBUG&amp#27;[0;39m &amp#27;[35m16773&amp#27;[0;39m &amp#27;[2m---&amp#27;[0;39m &amp#27;[2m[         task-1]&amp#27;[0;39m &amp#27;[36morg.hibernate.type.BasicTypeRegistry    &amp#27;[0;39m &amp#27;[2m:&amp#27;[0;39m Adding type registration true_false -> org.hibernate.type.TrueFalseType@3d918dc6
&amp#27;[2m2024-11-12 19:01:27.060&amp#27;[0;39m &amp#27;[32mDEBUG&amp#27;[0;39m &amp#27;[35m16773&amp#27;[0;39m &amp#27;[2m---&amp#27;[0;39m &amp#27;[2m[         task-1]&amp#27;[0;39m &amp#27;[36morg.hibernate.type.BasicTypeRegistry    &amp#27;[0;39m &amp#27;[2m:&amp#27;[0;39m Adding type registration yes_no -> org.hibernate.type.YesNoType@8668e2b
&amp#27;[2m2024-11-12 19:01:27.062&amp#27;[0;39m &amp#27;[32mDEBUG&amp#27;[0;39m &amp#27;[35m16773&amp#27;[0;39m &amp#27;[2m---&amp#27;[0;39m &amp#27;[2m[         task-1]&amp#27;[0;39m &amp#27;[36morg.hibernate.type.BasicTypeRegistry    &amp#27;[0;39m &amp#27;[2m:&amp#27;[0;39m Adding type registration byte -> org.hibernate.type.ByteType@141552db
&amp#27;[2m2024-11-12 19:01:27.063&amp#27;[0;39m &amp#27;[32mDEBUG&amp#27;[0;39m &amp#27;[35m16773&amp#27;[0;39m &amp#27;[2m---&amp#27;[0;39m &amp#27;[2m[         task-1]&amp#27;[0;39m &amp#27;[36morg.hibernate.type.BasicTypeRegistry    &amp#27;[0;39m &amp#27;[2m:&amp#27;[0;39m Adding type registration byte -> org.hibernate.type.ByteType@141552db
&amp#27;[2m2024-11-12 19:01:27.063&amp#27;[0;39m &amp#27;[32mDEBUG&amp#27;[0;39m &amp#27;[35m16773&amp#27;[0;39m &amp#27;[2m---&amp#27;[0;39m &amp#27;[2m[         task-1]&amp#27;[0;39m &amp#27;[36morg.hibernate.type.BasicTypeRegistry    &amp#27;[0;39m &amp#27;[2m:&amp#27;[0;39m Adding type registration java.lang.Byte -> org.hibernate.type.ByteType@141552db
&amp#27;[2m2024-11-12 19:01:27.065&amp#27;[0;39m &amp#27;[32mDEBUG&amp#27;[0;39m &amp#27;[35m16773&amp#27;[0;39m &amp#27;[2m---&amp#27;[0;39m &amp#27;[2m[         task-1]&amp#27;[0;39m &amp#27;[36morg.hibernate.type.BasicTypeRegistry    &amp#27;[0;39m &amp#27;[2m:&amp#27;[0;39m Adding type registration character -> org.hibernate.type.CharacterType@31cc259c
&amp#27;[2m2024-11-12 19:01:27.065&amp#27;[0;39m &amp#27;[32mDEBUG&amp#27;[0;39m &amp#27;[35m16773&amp#27;[0;39m &amp#27;[2m---&amp#27;[0;39m &amp#27;[2m[         task-1]&amp#27;[0;39m &amp#27;[36morg.hibernate.type.BasicTypeRegistry    &amp#27;[0;39m &amp#27;[2m:&amp#27;[0;39m Adding type registration char -> org.hibernate.type.CharacterType@31cc259c
&amp#27;[2m2024-11-12 19:01:27.065&amp#27;[0;39m &amp#27;[32mDEBUG&amp#27;[0;39m &amp#27;[35m16773&amp#27;[0;39m &amp#27;[2m---&amp#27;[0;39m &amp#27;[2m[         task-1]&amp#27;[0;39m &amp#27;[36morg.hibernate.type.BasicTypeRegistry    &amp#27;[0;39m &amp#27;[2m:&amp#27;[0;39m Adding type registration java.lang.Character -> org.hibernate.type.CharacterType@31cc259c
&amp#27;[2m2024-11-12 19:01:27.067&amp#27;[0;39m &amp#27;[32mDEBUG&amp#27;[0;39m &amp#27;[35m16773&amp#27;[0;39m &amp#27;[2m---&amp#27;[0;39m &amp#27;[2m[         task-1]&amp#27;[0;39m &amp#27;[36morg.hibernate.type.BasicTypeRegistry    &amp#27;[0;39m &amp#27;[2m:&amp#27;[0;39m Adding type registration short -> org.hibernate.type.ShortType@2e0beb5d
&amp#27;[2m2024-11-12 19:01:27.067&amp#27;[0;39m &amp#27;[32mDEBUG&amp#27;[0;39m &amp#27;[35m16773&amp#27;[0;39m &amp#27;[2m---&amp#27;[0;39m &amp#27;[2m[         task-1]&amp#27;[0;39m &amp#27;[36morg.hibernate.type.BasicTypeRegistry    &amp#27;[0;39m &amp#27;[2m:&amp#27;[0;39m Adding type registration short -> org.hibernate.type.ShortType@2e0beb5d
&amp#27;[2m2024-11-12 19:01:27.067&amp#27;[0;39m &amp#27;[32mDEBUG&amp#27;[0;39m &amp#27;[35m16773&amp#27;[0;39m &amp#27;[2m---&amp#27;[0;39m &amp#27;[2m[         task-1]&amp#27;[0;39m &amp#27;[36morg.hibernate.type.BasicTypeRegistry    &amp#27;[0;39m &amp#27;[2m:&amp#27;[0;39m Adding type registration java.lang.Short -> org.hibernate.type.ShortType@2e0beb5d
&amp#27;[2m2024-11-12 19:01:27.069&amp#27;[0;39m &amp#27;[32mDEBUG&amp#27;[0;39m &amp#27;[35m16773&amp#27;[0;39m &amp#27;[2m---&amp#27;[0;39m &amp#27;[2m[         task-1]&amp#27;[0;39m &amp#27;[36morg.hibernate.type.BasicTypeRegistry    &amp#27;[0;39m &amp#27;[2m:&amp#27;[0;39m Adding type registration integer -> org.hibernate.type.IntegerType@7b26cae6
&amp#27;[2m2024-11-12 19:01:27.069&amp#27;[0;39m &amp#27;[32mDEBUG&amp#27;[0;39m &amp#27;[35m16773&amp#27;[0;39m &amp#27;[2m---&amp#27;[0;39m &amp#27;[2m[         task-1]&amp#27;[0;39m &amp#27;[36morg.hibernate.type.BasicTypeRegistry    &amp#27;[0;39m &amp#27;[2m:&amp#27;[0;39m Adding type registration int -> org.hibernate.type.IntegerType@7b26cae6
&amp#27;[2m2024-11-12 19:01:27.070&amp#27;[0;39m &amp#27;[32mDEBUG&amp#27;[0;39m &amp#27;[35m16773&amp#27;[0;39m &amp#27;[2m---&amp#27;[0;39m &amp#27;[2m[         task-1]&amp#27;[0;39m &amp#27;[36morg.hibernate.type.BasicTypeRegistry    &amp#27;[0;39m &amp#27;[2m:&amp#27;[0;39m Adding type registration java.lang.Integer -> org.hibernate.type.IntegerType@7b26cae6
&amp#27;[2m2024-11-12 19:01:27.071&amp#27;[0;39m &amp#27;[32mDEBUG&amp#27;[0;39m &amp#27;[35m16773&amp#27;[0;39m &amp#27;[2m---&amp#27;[0;39m &amp#27;[2m[         task-1]&amp#27;[0;39m &amp#27;[36morg.hibernate.type.BasicTypeRegistry    &amp#27;[0;39m &amp#27;[2m:&amp#27;[0;39m Adding type registration long -> org.hibernate.type.LongType@1fd82915
&amp#27;[2m2024-11-12 19:01:27.072&amp#27;[0;39m &amp#27;[32mDEBUG&amp#27;[0;39m &amp#27;[35m16773&amp#27;[0;39m &amp#27;[2m---&amp#27;[0;39m &amp#27;[2m[         task-1]&amp#27;[0;39m &amp#27;[36morg.hibernate.type.BasicTypeRegistry    &amp#27;[0;39m &amp#27;[2m:&amp#27;[0;39m Adding type registration long -> org.hibernate.type.LongType@1fd82915
&amp#27;[2m2024-11-12 19:01:27.073&amp#27;[0;39m &amp#27;[32mDEBUG&amp#27;[0;39m &amp#27;[35m16773&amp#27;[0;39m &amp#27;[2m---&amp#27;[0;39m &amp#27;[2m[         task-1]&amp#27;[0;39m &amp#27;[36morg.hibernate.type.BasicTypeRegistry    &amp#27;[0;39m &amp#27;[2m:&amp#27;[0;39m Adding type registration java.lang.Long -> org.hibernate.type.LongType@1fd82915
&amp#27;[2m2024-11-12 19:01:27.075&amp#27;[0;39m &amp#27;[32mDEBUG&amp#27;[0;39m &amp#27;[35m16773&amp#27;[0;39m &amp#27;[2m---&amp#27;[0;39m &amp#27;[2m[         task-1]&amp#27;[0;39m &amp#27;[36morg.hibernate.type.BasicTypeRegistry    &amp#27;[0;39m &amp#27;[2m:&amp#27;[0;39m Adding type registration float -> org.hibernate.type.FloatType@22d1d9b0
&amp#27;[2m2024-11-12 19:01:27.075&amp#27;[0;39m &amp#27;[32mDEBUG&amp#27;[0;39m &amp#27;[35m16773&amp#27;[0;39m &amp#27;[2m---&amp#27;[0;39m &amp#27;[2m[         task-1]&amp#27;[0;39m &amp#27;[36morg.hibernate.type.BasicTypeRegistry    &amp#27;[0;39m &amp#27;[2m:&amp#27;[0;39m Adding type registration float -> org.hibernate.type.FloatType@22d1d9b0
&amp#27;[2m2024-11-12 19:01:27.075&amp#27;[0;39m &amp#27;[32mDEBUG&amp#27;[0;39m &amp#27;[35m16773&amp#27;[0;39m &amp#27;[2m---&amp#27;[0;39m &amp#27;[2m[         task-1]&amp#27;[0;39m &amp#27;[36morg.hibernate.type.BasicTypeRegistry    &amp#27;[0;39m &amp#27;[2m:&amp#27;[0;39m Adding type registration java.lang.Float -> org.hibernate.type.FloatType@22d1d9b0
&amp#27;[2m2024-11-12 19:01:27.077&amp#27;[0;39m &amp#27;[32mDEBUG&amp#27;[0;39m &amp#27;[35m16773&amp#27;[0;39m &amp#27;[2m---&amp#27;[0;39m &amp#27;[2m[         task-1]&amp#27;[0;39m &amp#27;[36morg.hibernate.type.BasicTypeRegistry    &amp#27;[0;39m &amp#27;[2m:&amp#27;[0;39m Adding type registration double -> org.hibernate.type.DoubleType@6bd9ae22
&amp#27;[2m2024-11-12 19:01:27.077&amp#27;[0;39m &amp#27;[32mDEBUG&amp#27;[0;39m &amp#27;[35m16773&amp#27;[0;39m &amp#27;[2m---&amp#27;[0;39m &amp#27;[2m[         task-1]&amp#27;[0;39m &amp#27;[36morg.hibernate.type.BasicTypeRegistry    &amp#27;[0;39m &amp#27;[2m:&amp#27;[0;39m Adding type registration double -> org.hibernate.type.DoubleType@6bd9ae22
&amp#27;[2m2024-11-12 19:01:27.078&amp#27;[0;39m &amp#27;[32mDEBUG&amp#27;[0;39m &amp#27;[35m16773&amp#27;[0;39m &amp#27;[2m---&amp#27;[0;39m &amp#27;[2m[         task-1]&amp#27;[0;39m &amp#27;[36morg.hibernate.type.BasicTypeRegistry    &amp#27;[0;39m &amp#27;[2m:&amp#27;[0;39m Adding type registration java.lang.Double -> org.hibernate.type.DoubleType@6bd9ae22
&amp#27;[2m2024-11-12 19:01:27.080&amp#27;[0;39m &amp#27;[32mDEBUG&amp#27;[0;39m &amp#27;[35m16773&amp#27;[0;39m &amp#27;[2m---&amp#27;[0;39m &amp#27;[2m[         task-1]&amp#27;[0;39m &amp#27;[36morg.hibernate.type.BasicTypeRegistry    &amp#27;[0;39m &amp#27;[2m:&amp#27;[0;39m Adding type registration big_decimal -> org.hibernate.type.BigDecimalType@5b44b81c
&amp#27;[2m2024-11-12 19:01:27.081&amp#27;[0;39m &amp#27;[32mDEBUG&amp#27;[0;39m &amp#27;[35m16773&amp#27;[0;39m &amp#27;[2m---&amp#27;[0;39m &amp#27;[2m[         task-1]&amp#27;[0;39m &amp#27;[36morg.hibernate.type.BasicTypeRegistry    &amp#27;[0;39m &amp#27;[2m:&amp#27;[0;39m Adding type registration java.math.BigDecimal -> org.hibernate.type.BigDecimalType@5b44b81c
&amp#27;[2m2024-11-12 19:01:27.082&amp#27;[0;39m &amp#27;[32mDEBUG&amp#27;[0;39m &amp#27;[35m16773&amp#27;[0;39m &amp#27;[2m---&amp#27;[0;39m &amp#27;[2m[         task-1]&amp#27;[0;39m &amp#27;[36morg.hibernate.type.BasicTypeRegistry    &amp#27;[0;39m &amp#27;[2m:&amp#27;[0;39m Adding type registration big_integer -> org.hibernate.type.BigIntegerType@40ea8892
&amp#27;[2m2024-11-12 19:01:27.083&amp#27;[0;39m &amp#27;[32mDEBUG&amp#27;[0;39m &amp#27;[35m16773&amp#27;[0;39m &amp#27;[2m---&amp#27;[0;39m &amp#27;[2m[         task-1]&amp#27;[0;39m &amp#27;[36morg.hibernate.type.BasicTypeRegistry    &amp#27;[0;39m &amp#27;[2m:&amp#27;[0;39m Adding type registration java.math.BigInteger -> org.hibernate.type.BigIntegerType@40ea8892
&amp#27;[2m2024-11-12 19:01:27.084&amp#27;[0;39m &amp#27;[32mDEBUG&amp#27;[0;39m &amp#27;[35m16773&amp#27;[0;39m &amp#27;[2m---&amp#27;[0;39m &amp#27;[2m[         task-1]&amp#27;[0;39m &amp#27;[36morg.hibernate.type.BasicTypeRegistry    &amp#27;[0;39m &amp#27;[2m:&amp#27;[0;39m Adding type registration string -> org.hibernate.type.StringType@270ca5c9
&amp#27;[2m2024-11-12 19:01:27.084&amp#27;[0;39m &amp#27;[32mDEBUG&amp#27;[0;39m &amp#27;[35m16773&amp#27;[0;39m &amp#27;[2m---&amp#27;[0;39m &amp#27;[2m[         task-1]&amp#27;[0;39m &amp#27;[36morg.hibernate.type.BasicTypeRegistry    &amp#27;[0;39m &amp#27;[2m:&amp#27;[0;39m Adding type registration java.lang.String -> org.hibernate.type.StringType@270ca5c9
&amp#27;[2m2024-11-12 19:01:27.085&amp#27;[0;39m &amp#27;[32mDEBUG&amp#27;[0;39m &amp#27;[35m16773&amp#27;[0;39m &amp#27;[2m---&amp#27;[0;39m &amp#27;[2m[         task-1]&amp#27;[0;39m &amp#27;[36morg.hibernate.type.BasicTypeRegistry    &amp#27;[0;39m &amp#27;[2m:&amp#27;[0;39m Adding type registration nstring -> org.hibernate.type.StringNVarcharType@19ca72ee
&amp#27;[2m2024-11-12 19:01:27.086&amp#27;[0;39m &amp#27;[32mDEBUG&amp#27;[0;39m &amp#27;[35m16773&amp#27;[0;39m &amp#27;[2m---&amp#27;[0;39m &amp#27;[2m[         task-1]&amp#27;[0;39m &amp#27;[36morg.hibernate.type.BasicTypeRegistry    &amp#27;[0;39m &amp#27;[2m:&amp#27;[0;39m Adding type registration ncharacter -> org.hibernate.type.CharacterNCharType@469d6d1b
&amp#27;[2m2024-11-12 19:01:27.088&amp#27;[0;39m &amp#27;[32mDEBUG&amp#27;[0;39m &amp#27;[35m16773&amp#27;[0;39m &amp#27;[2m---&amp#27;[0;39m &amp#27;[2m[         task-1]&amp#27;[0;39m &amp#27;[36morg.hibernate.type.BasicTypeRegistry    &amp#27;[0;39m &amp#27;[2m:&amp#27;[0;39m Adding type registration url -> org.hibernate.type.UrlType@78077f9e
&amp#27;[2m2024-11-12 19:01:27.088&amp#27;[0;39m &amp#27;[32mDEBUG&amp#27;[0;39m &amp#27;[35m16773&amp#27;[0;39m &amp#27;[2m---&amp#27;[0;39m &amp#27;[2m[         task-1]&amp#27;[0;39m &amp#27;[36morg.hibernate.type.BasicTypeRegistry    &amp#27;[0;39m &amp#27;[2m:&amp#27;[0;39m Adding type registration java.net.URL -> org.hibernate.type.UrlType@78077f9e
&amp#27;[2m2024-11-12 19:01:27.091&amp#27;[0;39m &amp#27;[32mDEBUG&amp#27;[0;39m &amp#27;[35m16773&amp#27;[0;39m &amp#27;[2m---&amp#27;[0;39m &amp#27;[2m[         task-1]&amp#27;[0;39m &amp#27;[36morg.hibernate.type.BasicTypeRegistry    &amp#27;[0;39m &amp#27;[2m:&amp#27;[0;39m Adding type registration Duration -> org.hibernate.type.DurationType@5d57fb41
&amp#27;[2m2024-11-12 19:01:27.092&amp#27;[0;39m &amp#27;[32mDEBUG&amp#27;[0;39m &amp#27;[35m16773&amp#27;[0;39m &amp#27;[2m---&amp#27;[0;39m &amp#27;[2m[         task-1]&amp#27;[0;39m &amp#27;[36morg.hibernate.type.BasicTypeRegistry    &amp#27;[0;39m &amp#27;[2m:&amp#27;[0;39m Adding type registration java.time.Duration -> org.hibernate.type.DurationType@5d57fb41
&amp#27;[2m2024-11-12 19:01:27.094&amp#27;[0;39m &amp#27;[32mDEBUG&amp#27;[0;39m &amp#27;[35m16773&amp#27;[0;39m &amp#27;[2m---&amp#27;[0;39m &amp#27;[2m[         task-1]&amp#27;[0;39m &amp#27;[36morg.hibernate.type.BasicTypeRegistry    &amp#27;[0;39m &amp#27;[2m:&amp#27;[0;39m Adding type registration Instant -> org.hibernate.type.InstantType@3faedcea
&amp#27;[2m2024-11-12 19:01:27.094&amp#27;[0;39m &amp#27;[32mDEBUG&amp#27;[0;39m &amp#27;[35m16773&amp#27;[0;39m &amp#27;[2m---&amp#27;[0;39m &amp#27;[2m[         task-1]&amp#27;[0;39m &amp#27;[36morg.hibernate.type.BasicTypeRegistry    &amp#27;[0;39m &amp#27;[2m:&amp#27;[0;39m Adding type registration java.time.Instant -> org.hibernate.type.InstantType@3faedcea
&amp#27;[2m2024-11-12 19:01:27.097&amp#27;[0;39m &amp#27;[32mDEBUG&amp#27;[0;39m &amp#27;[35m16773&amp#27;[0;39m &amp#27;[2m---&amp#27;[0;39m &amp#27;[2m[         task-1]&amp#27;[0;39m &amp#27;[36morg.hibernate.type.BasicTypeRegistry    &amp#27;[0;39m &amp#27;[2m:&amp#27;[0;39m Adding type registration LocalDateTime -> org.hibernate.type.LocalDateTimeType@79dc0cdb
&amp#27;[2m2024-11-12 19:01:27.097&amp#27;[0;39m &amp#27;[32mDEBUG&amp#27;[0;39m &amp#27;[35m16773&amp#27;[0;39m &amp#27;[2m---&amp#27;[0;39m &amp#27;[2m[         task-1]&amp#27;[0;39m &amp#27;[36morg.hibernate.type.BasicTypeRegistry    &amp#27;[0;39m &amp#27;[2m:&amp#27;[0;39m Adding type registration java.time.LocalDateTime -> org.hibernate.type.LocalDateTimeType@79dc0cdb
&amp#27;[2m2024-11-12 19:01:27.116&amp#27;[0;39m &amp#27;[32mDEBUG&amp#27;[0;39m &amp#27;[35m16773&amp#27;[0;39m &amp#27;[2m---&amp#27;[0;39m &amp#27;[2m[         task-1]&amp#27;[0;39m &amp#27;[36morg.hibernate.type.BasicTypeRegistry    &amp#27;[0;39m &amp#27;[2m:&amp#27;[0;39m Adding type registration LocalDate -> org.hibernate.type.LocalDateType@96071ba
&amp#27;[2m2024-11-12 19:01:27.116&amp#27;[0;39m &amp#27;[32mDEBUG&amp#27;[0;39m &amp#27;[35m16773&amp#27;[0;39m &amp#27;[2m---&amp#27;[0;39m &amp#27;[2m[         task-1]&amp#27;[0;39m &amp#27;[36morg.hibernate.type.BasicTypeRegistry    &amp#27;[0;39m &amp#27;[2m:&amp#27;[0;39m Adding type registration java.time.LocalDate -> org.hibernate.type.LocalDateType@96071ba
&amp#27;[2m2024-11-12 19:01:27.117&amp#27;[0;39m &amp#27;[32mDEBUG&amp#27;[0;39m &amp#27;[35m16773&amp#27;[0;39m &amp#27;[2m---&amp#27;[0;39m &amp#27;[2m[         task-1]&amp#27;[0;39m &amp#27;[36morg.hibernate.type.BasicTypeRegistry    &amp#27;[0;39m &amp#27;[2m:&amp#27;[0;39m Adding type registration LocalTime -> org.hibernate.type.LocalTimeType@2a70b3aa
&amp#27;[2m2024-11-12 19:01:27.118&amp#27;[0;39m &amp#27;[32mDEBUG&amp#27;[0;39m &amp#27;[35m16773&amp#27;[0;39m &amp#27;[2m---&amp#27;[0;39m &amp#27;[2m[         task-1]&amp#27;[0;39m &amp#27;[36morg.hibernate.type.BasicTypeRegistry    &amp#27;[0;39m &amp#27;[2m:&amp#27;[0;39m Adding type registration java.time.LocalTime -> org.hibernate.type.LocalTimeType@2a70b3aa
&amp#27;[2m2024-11-12 19:01:27.119&amp#27;[0;39m &amp#27;[32mDEBUG&amp#27;[0;39m &amp#27;[35m16773&amp#27;[0;39m &amp#27;[2m---&amp#27;[0;39m &amp#27;[2m[         task-1]&amp#27;[0;39m &amp#27;[36morg.hibernate.type.BasicTypeRegistry    &amp#27;[0;39m &amp#27;[2m:&amp#27;[0;39m Adding type registration OffsetDateTime -> org.hibernate.type.OffsetDateTimeType@68ee20ef
&amp#27;[2m2024-11-12 19:01:27.120&amp#27;[0;39m &amp#27;[32mDEBUG&amp#27;[0;39m &amp#27;[35m16773&amp#27;[0;39m &amp#27;[2m---&amp#27;[0;39m &amp#27;[2m[         task-1]&amp#27;[0;39m &amp#27;[36morg.hibernate.type.BasicTypeRegistry    &amp#27;[0;39m &amp#27;[2m:&amp#27;[0;39m Adding type registration java.time.OffsetDateTime -> org.hibernate.type.OffsetDateTimeType@68ee20ef
&amp#27;[2m2024-11-12 19:01:27.121&amp#27;[0;39m &amp#27;[32mDEBUG&amp#27;[0;39m &amp#27;[35m16773&amp#27;[0;39m &amp#27;[2m---&amp#27;[0;39m &amp#27;[2m[         task-1]&amp#27;[0;39m &amp#27;[36morg.hibernate.type.BasicTypeRegistry    &amp#27;[0;39m &amp#27;[2m:&amp#27;[0;39m Adding type registration OffsetTime -> org.hibernate.type.OffsetTimeType@7d3eac7c
&amp#27;[2m2024-11-12 19:01:27.122&amp#27;[0;39m &amp#27;[32mDEBUG&amp#27;[0;39m &amp#27;[35m16773&amp#27;[0;39m &amp#27;[2m---&amp#27;[0;39m &amp#27;[2m[         task-1]&amp#27;[0;39m &amp#27;[36morg.hibernate.type.BasicTypeRegistry    &amp#27;[0;39m &amp#27;[2m:&amp#27;[0;39m Adding type registration java.time.OffsetTime -> org.hibernate.type.OffsetTimeType@7d3eac7c
&amp#27;[2m2024-11-12 19:01:27.125&amp#27;[0;39m &amp#27;[32mDEBUG&amp#27;[0;39m &amp#27;[35m16773&amp#27;[0;39m &amp#27;[2m---&amp#27;[0;39m &amp#27;[2m[         task-1]&amp#27;[0;39m &amp#27;[36morg.hibernate.type.BasicTypeRegistry    &amp#27;[0;39m &amp#27;[2m:&amp#27;[0;39m Adding type registration ZonedDateTime -> org.hibernate.type.ZonedDateTimeType@758c0606
&amp#27;[2m2024-11-12 19:01:27.126&amp#27;[0;39m &amp#27;[32mDEBUG&amp#27;[0;39m &amp#27;[35m16773&amp#27;[0;39m &amp#27;[2m---&amp#27;[0;39m &amp#27;[2m[         task-1]&amp#27;[0;39m &amp#27;[36morg.hibernate.type.BasicTypeRegistry    &amp#27;[0;39m &amp#27;[2m:&amp#27;[0;39m Adding type registration java.time.ZonedDateTime -> org.hibernate.type.ZonedDateTimeType@758c0606
&amp#27;[2m2024-11-12 19:01:27.128&amp#27;[0;39m &amp#27;[32mDEBUG&amp#27;[0;39m &amp#27;[35m16773&amp#27;[0;39m &amp#27;[2m---&amp#27;[0;39m &amp#27;[2m[         task-1]&amp#27;[0;39m &amp#27;[36morg.hibernate.type.BasicTypeRegistry    &amp#27;[0;39m &amp#27;[2m:&amp#27;[0;39m Adding type registration date -> org.hibernate.type.DateType@5968c633
&amp#27;[2m2024-11-12 19:01:27.129&amp#27;[0;39m &amp#27;[32mDEBUG&amp#27;[0;39m &amp#27;[35m16773&amp#27;[0;39m &amp#27;[2m---&amp#27;[0;39m &amp#27;[2m[         task-1]&amp#27;[0;39m &amp#27;[36morg.hibernate.type.BasicTypeRegistry    &amp#27;[0;39m &amp#27;[2m:&amp#27;[0;39m Adding type registration java.sql.Date -> org.hibernate.type.DateType@5968c633
&amp#27;[2m2024-11-12 19:01:27.132&amp#27;[0;39m &amp#27;[32mDEBUG&amp#27;[0;39m &amp#27;[35m16773&amp#27;[0;39m &amp#27;[2m---&amp#27;[0;39m &amp#27;[2m[         task-1]&amp#27;[0;39m &amp#27;[36morg.hibernate.type.BasicTypeRegistry    &amp#27;[0;39m &amp#27;[2m:&amp#27;[0;39m Adding type registration time -> org.hibernate.type.TimeType@2f807917
&amp#27;[2m2024-11-12 19:01:27.132&amp#27;[0;39m &amp#27;[32mDEBUG&amp#27;[0;39m &amp#27;[35m16773&amp#27;[0;39m &amp#27;[2m---&amp#27;[0;39m &amp#27;[2m[         task-1]&amp#27;[0;39m &amp#27;[36morg.hibernate.type.BasicTypeRegistry    &amp#27;[0;39m &amp#27;[2m:&amp#27;[0;39m Adding type registration java.sql.Time -> org.hibernate.type.TimeType@2f807917
&amp#27;[2m2024-11-12 19:01:27.134&amp#27;[0;39m &amp#27;[32mDEBUG&amp#27;[0;39m &amp#27;[35m16773&amp#27;[0;39m &amp#27;[2m---&amp#27;[0;39m &amp#27;[2m[         task-1]&amp#27;[0;39m &amp#27;[36morg.hibernate.type.BasicTypeRegistry    &amp#27;[0;39m &amp#27;[2m:&amp#27;[0;39m Adding type registration timestamp -> org.hibernate.type.TimestampType@30461b86
&amp#27;[2m2024-11-12 19:01:27.134&amp#27;[0;39m &amp#27;[32mDEBUG&amp#27;[0;39m &amp#27;[35m16773&amp#27;[0;39m &amp#27;[2m---&amp#27;[0;39m &amp#27;[2m[         task-1]&amp#27;[0;39m &amp#27;[36morg.hibernate.type.BasicTypeRegistry    &amp#27;[0;39m &amp#27;[2m:&amp#27;[0;39m Adding type registration java.sql.Timestamp -> org.hibernate.type.TimestampType@30461b86
&amp#27;[2m2024-11-12 19:01:27.134&amp#27;[0;39m &amp#27;[32mDEBUG&amp#27;[0;39m &amp#27;[35m16773&amp#27;[0;39m &amp#27;[2m---&amp#27;[0;39m &amp#27;[2m[         task-1]&amp#27;[0;39m &amp#27;[36morg.hibernate.type.BasicTypeRegistry    &amp#27;[0;39m &amp#27;[2m:&amp#27;[0;39m Adding type registration java.util.Date -> org.hibernate.type.TimestampType@30461b86
&amp#27;[2m2024-11-12 19:01:27.136&amp#27;[0;39m &amp#27;[32mDEBUG&amp#27;[0;39m &amp#27;[35m16773&amp#27;[0;39m &amp#27;[2m---&amp#27;[0;39m &amp#27;[2m[         task-1]&amp#27;[0;39m &amp#27;[36morg.hibernate.type.BasicTypeRegistry    &amp#27;[0;39m &amp#27;[2m:&amp#27;[0;39m Adding type registration dbtimestamp -> org.hibernate.type.DbTimestampType@40555e96
&amp#27;[2m2024-11-12 19:01:27.139&amp#27;[0;39m &amp#27;[32mDEBUG&amp#27;[0;39m &amp#27;[35m16773&amp#27;[0;39m &amp#27;[2m---&amp#27;[0;39m &amp#27;[2m[         task-1]&amp#27;[0;39m &amp#27;[36morg.hibernate.type.BasicTypeRegistry    &amp#27;[0;39m &amp#27;[2m:&amp#27;[0;39m Adding type registration calendar -> org.hibernate.type.CalendarType@1287a483
&amp#27;[2m2024-11-12 19:01:27.139&amp#27;[0;39m &amp#27;[32mDEBUG&amp#27;[0;39m &amp#27;[35m16773&amp#27;[0;39m &amp#27;[2m---&amp#27;[0;39m &amp#27;[2m[         task-1]&amp#27;[0;39m &amp#27;[36morg.hibernate.type.BasicTypeRegistry    &amp#27;[0;39m &amp#27;[2m:&amp#27;[0;39m Adding type registration java.util.Calendar -> org.hibernate.type.CalendarType@1287a483
&amp#27;[2m2024-11-12 19:01:27.140&amp#27;[0;39m &amp#27;[32mDEBUG&amp#27;[0;39m &amp#27;[35m16773&amp#27;[0;39m &amp#27;[2m---&amp#27;[0;39m &amp#27;[2m[         task-1]&amp#27;[0;39m &amp#27;[36morg.hibernate.type.BasicTypeRegistry    &amp#27;[0;39m &amp#27;[2m:&amp#27;[0;39m Adding type registration java.util.GregorianCalendar -> org.hibernate.type.CalendarType@1287a483
&amp#27;[2m2024-11-12 19:01:27.141&amp#27;[0;39m &amp#27;[32mDEBUG&amp#27;[0;39m &amp#27;[35m16773&amp#27;[0;39m &amp#27;[2m---&amp#27;[0;39m &amp#27;[2m[         task-1]&amp#27;[0;39m &amp#27;[36morg.hibernate.type.BasicTypeRegistry    &amp#27;[0;39m &amp#27;[2m:&amp#27;[0;39m Adding type registration calendar_date -> org.hibernate.type.CalendarDateType@d026fd7
&amp#27;[2m2024-11-12 19:01:27.143&amp#27;[0;39m &amp#27;[32mDEBUG&amp#27;[0;39m &amp#27;[35m16773&amp#27;[0;39m &amp#27;[2m---&amp#27;[0;39m &amp#27;[2m[         task-1]&amp#27;[0;39m &amp#27;[36morg.hibernate.type.BasicTypeRegistry    &amp#27;[0;39m &amp#27;[2m:&amp#27;[0;39m Adding type registration calendar_time -> org.hibernate.type.CalendarTimeType@66179533
&amp#27;[2m2024-11-12 19:01:27.145&amp#27;[0;39m &amp#27;[32mDEBUG&amp#27;[0;39m &amp#27;[35m16773&amp#27;[0;39m &amp#27;[2m---&amp#27;[0;39m &amp#27;[2m[         task-1]&amp#27;[0;39m &amp#27;[36morg.hibernate.type.BasicTypeRegistry    &amp#27;[0;39m &amp#27;[2m:&amp#27;[0;39m Adding type registration locale -> org.hibernate.type.LocaleType@176d0222
&amp#27;[2m2024-11-12 19:01:27.145&amp#27;[0;39m &amp#27;[32mDEBUG&amp#27;[0;39m &amp#27;[35m16773&amp#27;[0;39m &amp#27;[2m---&amp#27;[0;39m &amp#27;[2m[         task-1]&amp#27;[0;39m &amp#27;[36morg.hibernate.type.BasicTypeRegistry    &amp#27;[0;39m &amp#27;[2m:&amp#27;[0;39m Adding type registration java.util.Locale -> org.hibernate.type.LocaleType@176d0222
&amp#27;[2m2024-11-12 19:01:27.147&amp#27;[0;39m &amp#27;[32mDEBUG&amp#27;[0;39m &amp#27;[35m16773&amp#27;[0;39m &amp#27;[2m---&amp#27;[0;39m &amp#27;[2m[         task-1]&amp#27;[0;39m &amp#27;[36morg.hibernate.type.BasicTypeRegistry    &amp#27;[0;39m &amp#27;[2m:&amp#27;[0;39m Adding type registration currency -> org.hibernate.type.CurrencyType@3576be
&amp#27;[2m2024-11-12 19:01:27.147&amp#27;[0;39m &amp#27;[32mDEBUG&amp#27;[0;39m &amp#27;[35m16773&amp#27;[0;39m &amp#27;[2m---&amp#27;[0;39m &amp#27;[2m[         task-1]&amp#27;[0;39m &amp#27;[36morg.hibernate.type.BasicTypeRegistry    &amp#27;[0;39m &amp#27;[2m:&amp#27;[0;39m Adding type registration java.util.Currency -> org.hibernate.type.CurrencyType@3576be
&amp#27;[2m2024-11-12 19:01:27.149&amp#27;[0;39m &amp#27;[32mDEBUG&amp#27;[0;39m &amp#27;[35m16773&amp#27;[0;39m &amp#27;[2m---&amp#27;[0;39m &amp#27;[2m[         task-1]&amp#27;[0;39m &amp#27;[36morg.hibernate.type.BasicTypeRegistry    &amp#27;[0;39m &amp#27;[2m:&amp#27;[0;39m Adding type registration timezone -> org.hibernate.type.TimeZoneType@265624fe
&amp#27;[2m2024-11-12 19:01:27.149&amp#27;[0;39m &amp#27;[32mDEBUG&amp#27;[0;39m &amp#27;[35m16773&amp#27;[0;39m &amp#27;[2m---&amp#27;[0;39m &amp#27;[2m[         task-1]&amp#27;[0;39m &amp#27;[36morg.hibernate.type.BasicTypeRegistry    &amp#27;[0;39m &amp#27;[2m:&amp#27;[0;39m Adding type registration java.util.TimeZone -> org.hibernate.type.TimeZoneType@265624fe
&amp#27;[2m2024-11-12 19:01:27.150&amp#27;[0;39m &amp#27;[32mDEBUG&amp#27;[0;39m &amp#27;[35m16773&amp#27;[0;39m &amp#27;[2m---&amp#27;[0;39m &amp#27;[2m[         task-1]&amp#27;[0;39m &amp#27;[36morg.hibernate.type.BasicTypeRegistry    &amp#27;[0;39m &amp#27;[2m:&amp#27;[0;39m Adding type registration class -> org.hibernate.type.ClassType@4a556201
&amp#27;[2m2024-11-12 19:01:27.150&amp#27;[0;39m &amp#27;[32mDEBUG&amp#27;[0;39m &amp#27;[35m16773&amp#27;[0;39m &amp#27;[2m---&amp#27;[0;39m &amp#27;[2m[         task-1]&amp#27;[0;39m &amp#27;[36morg.hibernate.type.BasicTypeRegistry    &amp#27;[0;39m &amp#27;[2m:&amp#27;[0;39m Adding type registration java.lang.Class -> org.hibernate.type.ClassType@4a556201
&amp#27;[2m2024-11-12 19:01:27.151&amp#27;[0;39m &amp#27;[32mDEBUG&amp#27;[0;39m &amp#27;[35m16773&amp#27;[0;39m &amp#27;[2m---&amp#27;[0;39m &amp#27;[2m[         task-1]&amp#27;[0;39m &amp#27;[36morg.hibernate.type.BasicTypeRegistry    &amp#27;[0;39m &amp#27;[2m:&amp#27;[0;39m Adding type registration uuid-binary -> org.hibernate.type.UUIDBinaryType@49587813
&amp#27;[2m2024-11-12 19:01:27.152&amp#27;[0;39m &amp#27;[32mDEBUG&amp#27;[0;39m &amp#27;[35m16773&amp#27;[0;39m &amp#27;[2m---&amp#27;[0;39m &amp#27;[2m[         task-1]&amp#27;[0;39m &amp#27;[36morg.hibernate.type.BasicTypeRegistry    &amp#27;[0;39m &amp#27;[2m:&amp#27;[0;39m Adding type registration java.util.UUID -> org.hibernate.type.UUIDBinaryType@49587813
&amp#27;[2m2024-11-12 19:01:27.152&amp#27;[0;39m &amp#27;[32mDEBUG&amp#27;[0;39m &amp#27;[35m16773&amp#27;[0;39m &amp#27;[2m---&amp#27;[0;39m &amp#27;[2m[         task-1]&amp#27;[0;39m &amp#27;[36morg.hibernate.type.BasicTypeRegistry    &amp#27;[0;39m &amp#27;[2m:&amp#27;[0;39m Adding type registration uuid-char -> org.hibernate.type.UUIDCharType@323f9729
&amp#27;[2m2024-11-12 19:01:27.154&amp#27;[0;39m &amp#27;[32mDEBUG&amp#27;[0;39m &amp#27;[35m16773&amp#27;[0;39m &amp#27;[2m---&amp#27;[0;39m &amp#27;[2m[         task-1]&amp#27;[0;39m &amp#27;[36morg.hibernate.type.BasicTypeRegistry    &amp#27;[0;39m &amp#27;[2m:&amp#27;[0;39m Adding type registration binary -> org.hibernate.type.BinaryType@4e1a2a2d
&amp#27;[2m2024-11-12 19:01:27.154&amp#27;[0;39m &amp#27;[32mDEBUG&amp#27;[0;39m &amp#27;[35m16773&amp#27;[0;39m &amp#27;[2m---&amp#27;[0;39m &amp#27;[2m[         task-1]&amp#27;[0;39m &amp#27;[36morg.hibernate.type.BasicTypeRegistry    &amp#27;[0;39m &amp#27;[2m:&amp#27;[0;39m Adding type registration byte[] -> org.hibernate.type.BinaryType@4e1a2a2d
&amp#27;[2m2024-11-12 19:01:27.154&amp#27;[0;39m &amp#27;[32mDEBUG&amp#27;[0;39m &amp#27;[35m16773&amp#27;[0;39m &amp#27;[2m---&amp#27;[0;39m &amp#27;[2m[         task-1]&amp#27;[0;39m &amp#27;[36morg.hibernate.type.BasicTypeRegistry    &amp#27;[0;39m &amp#27;[2m:&amp#27;[0;39m Adding type registration [B -> org.hibernate.type.BinaryType@4e1a2a2d
&amp#27;[2m2024-11-12 19:01:27.156&amp#27;[0;39m &amp#27;[32mDEBUG&amp#27;[0;39m &amp#27;[35m16773&amp#27;[0;39m &amp#27;[2m---&amp#27;[0;39m &amp#27;[2m[         task-1]&amp#27;[0;39m &amp#27;[36morg.hibernate.type.BasicTypeRegistry    &amp#27;[0;39m &amp#27;[2m:&amp#27;[0;39m Adding type registration wrapper-binary -> org.hibernate.type.WrapperBinaryType@6267b090
&amp#27;[2m2024-11-12 19:01:27.157&amp#27;[0;39m &amp#27;[32mDEBUG&amp#27;[0;39m &amp#27;[35m16773&amp#27;[0;39m &amp#27;[2m---&amp#27;[0;39m &amp#27;[2m[         task-1]&amp#27;[0;39m &amp#27;[36morg.hibernate.type.BasicTypeRegistry    &amp#27;[0;39m &amp#27;[2m:&amp#27;[0;39m Adding type registration Byte[] -> org.hibernate.type.WrapperBinaryType@6267b090
&amp#27;[2m2024-11-12 19:01:27.157&amp#27;[0;39m &amp#27;[32mDEBUG&amp#27;[0;39m &amp#27;[35m16773&amp#27;[0;39m &amp#27;[2m---&amp#27;[0;39m &amp#27;[2m[         task-1]&amp#27;[0;39m &amp#27;[36morg.hibernate.type.BasicTypeRegistry    &amp#27;[0;39m &amp#27;[2m:&amp#27;[0;39m Adding type registration [Ljava.lang.Byte; -> org.hibernate.type.WrapperBinaryType@6267b090
&amp#27;[2m2024-11-12 19:01:27.159&amp#27;[0;39m &amp#27;[32mDEBUG&amp#27;[0;39m &amp#27;[35m16773&amp#27;[0;39m &amp#27;[2m---&amp#27;[0;39m &amp#27;[2m[         task-1]&amp#27;[0;39m &amp#27;[36morg.hibernate.type.BasicTypeRegistry    &amp#27;[0;39m &amp#27;[2m:&amp#27;[0;39m Adding type registration row_version -> org.hibernate.type.RowVersionType@61e8b971
&amp#27;[2m2024-11-12 19:01:27.160&amp#27;[0;39m &amp#27;[32mDEBUG&amp#27;[0;39m &amp#27;[35m16773&amp#27;[0;39m &amp#27;[2m---&amp#27;[0;39m &amp#27;[2m[         task-1]&amp#27;[0;39m &amp#27;[36morg.hibernate.type.BasicTypeRegistry    &amp#27;[0;39m &amp#27;[2m:&amp#27;[0;39m Adding type registration image -> org.hibernate.type.ImageType@3655fd78
&amp#27;[2m2024-11-12 19:01:27.162&amp#27;[0;39m &amp#27;[32mDEBUG&amp#27;[0;39m &amp#27;[35m16773&amp#27;[0;39m &amp#27;[2m---&amp#27;[0;39m &amp#27;[2m[         task-1]&amp#27;[0;39m &amp#27;[36morg.hibernate.type.BasicTypeRegistry    &amp#27;[0;39m &amp#27;[2m:&amp#27;[0;39m Adding type registration characters -> org.hibernate.type.CharArrayType@259f7292
&amp#27;[2m2024-11-12 19:01:27.162&amp#27;[0;39m &amp#27;[32mDEBUG&amp#27;[0;39m &amp#27;[35m16773&amp#27;[0;39m &amp#27;[2m---&amp#27;[0;39m &amp#27;[2m[         task-1]&amp#27;[0;39m &amp#27;[36morg.hibernate.type.BasicTypeRegistry    &amp#27;[0;39m &amp#27;[2m:&amp#27;[0;39m Adding type registration char[] -> org.hibernate.type.CharArrayType@259f7292
&amp#27;[2m2024-11-12 19:01:27.163&amp#27;[0;39m &amp#27;[32mDEBUG&amp#27;[0;39m &amp#27;[35m16773&amp#27;[0;39m &amp#27;[2m---&amp#27;[0;39m &amp#27;[2m[         task-1]&amp#27;[0;39m &amp#27;[36morg.hibernate.type.BasicTypeRegistry    &amp#27;[0;39m &amp#27;[2m:&amp#27;[0;39m Adding type registration [C -> org.hibernate.type.CharArrayType@259f7292
&amp#27;[2m2024-11-12 19:01:27.164&amp#27;[0;39m &amp#27;[32mDEBUG&amp#27;[0;39m &amp#27;[35m16773&amp#27;[0;39m &amp#27;[2m---&amp#27;[0;39m &amp#27;[2m[         task-1]&amp#27;[0;39m &amp#27;[36morg.hibernate.type.BasicTypeRegistry    &amp#27;[0;39m &amp#27;[2m:&amp#27;[0;39m Adding type registration wrapper-characters -> org.hibernate.type.CharacterArrayType@b1e3a2a
&amp#27;[2m2024-11-12 19:01:27.165&amp#27;[0;39m &amp#27;[32mDEBUG&amp#27;[0;39m &amp#27;[35m16773&amp#27;[0;39m &amp#27;[2m---&amp#27;[0;39m &amp#27;[2m[         task-1]&amp#27;[0;39m &amp#27;[36morg.hibernate.type.BasicTypeRegistry    &amp#27;[0;39m &amp#27;[2m:&amp#27;[0;39m Adding type registration [Ljava.lang.Character; -> org.hibernate.type.CharacterArrayType@b1e3a2a
&amp#27;[2m2024-11-12 19:01:27.165&amp#27;[0;39m &amp#27;[32mDEBUG&amp#27;[0;39m &amp#27;[35m16773&amp#27;[0;39m &amp#27;[2m---&amp#27;[0;39m &amp#27;[2m[         task-1]&amp#27;[0;39m &amp#27;[36morg.hibernate.type.BasicTypeRegistry    &amp#27;[0;39m &amp#27;[2m:&amp#27;[0;39m Adding type registration Character[] -> org.hibernate.type.CharacterArrayType@b1e3a2a
&amp#27;[2m2024-11-12 19:01:27.165&amp#27;[0;39m &amp#27;[32mDEBUG&amp#27;[0;39m &amp#27;[35m16773&amp#27;[0;39m &amp#27;[2m---&amp#27;[0;39m &amp#27;[2m[         task-1]&amp#27;[0;39m &amp#27;[36morg.hibernate.type.BasicTypeRegistry    &amp#27;[0;39m &amp#27;[2m:&amp#27;[0;39m Adding type registration text -> org.hibernate.type.TextType@6ec2b5c0
&amp#27;[2m2024-11-12 19:01:27.166&amp#27;[0;39m &amp#27;[32mDEBUG&amp#27;[0;39m &amp#27;[35m16773&amp#27;[0;39m &amp#27;[2m---&amp#27;[0;39m &amp#27;[2m[         task-1]&amp#27;[0;39m &amp#27;[36morg.hibernate.type.BasicTypeRegistry    &amp#27;[0;39m &amp#27;[2m:&amp#27;[0;39m Adding type registration ntext -> org.hibernate.type.NTextType@779f7985
&amp#27;[2m2024-11-12 19:01:27.169&amp#27;[0;39m &amp#27;[32mDEBUG&amp#27;[0;39m &amp#27;[35m16773&amp#27;[0;39m &amp#27;[2m---&amp#27;[0;39m &amp#27;[2m[         task-1]&amp#27;[0;39m &amp#27;[36morg.hibernate.type.BasicTypeRegistry    &amp#27;[0;39m &amp#27;[2m:&amp#27;[0;39m Adding type registration blob -> org.hibernate.type.BlobType@1b624814
&amp#27;[2m2024-11-12 19:01:27.169&amp#27;[0;39m &amp#27;[32mDEBUG&amp#27;[0;39m &amp#27;[35m16773&amp#27;[0;39m &amp#27;[2m---&amp#27;[0;39m &amp#27;[2m[         task-1]&amp#27;[0;39m &amp#27;[36morg.hibernate.type.BasicTypeRegistry    &amp#27;[0;39m &amp#27;[2m:&amp#27;[0;39m Adding type registration java.sql.Blob -> org.hibernate.type.BlobType@1b624814
&amp#27;[2m2024-11-12 19:01:27.170&amp#27;[0;39m &amp#27;[32mDEBUG&amp#27;[0;39m &amp#27;[35m16773&amp#27;[0;39m &amp#27;[2m---&amp#27;[0;39m &amp#27;[2m[         task-1]&amp#27;[0;39m &amp#27;[36morg.hibernate.type.BasicTypeRegistry    &amp#27;[0;39m &amp#27;[2m:&amp#27;[0;39m Adding type registration materialized_blob -> org.hibernate.type.MaterializedBlobType@46b47fc2
&amp#27;[2m2024-11-12 19:01:27.172&amp#27;[0;39m &amp#27;[32mDEBUG&amp#27;[0;39m &amp#27;[35m16773&amp#27;[0;39m &amp#27;[2m---&amp#27;[0;39m &amp#27;[2m[         task-1]&amp#27;[0;39m &amp#27;[36morg.hibernate.type.BasicTypeRegistry    &amp#27;[0;39m &amp#27;[2m:&amp#27;[0;39m Adding type registration clob -> org.hibernate.type.ClobType@5475a9f2
&amp#27;[2m2024-11-12 19:01:27.172&amp#27;[0;39m &amp#27;[32mDEBUG&amp#27;[0;39m &amp#27;[35m16773&amp#27;[0;39m &amp#27;[2m---&amp#27;[0;39m &amp#27;[2m[         task-1]&amp#27;[0;39m &amp#27;[36morg.hibernate.type.BasicTypeRegistry    &amp#27;[0;39m &amp#27;[2m:&amp#27;[0;39m Adding type registration java.sql.Clob -> org.hibernate.type.ClobType@5475a9f2
&amp#27;[2m2024-11-12 19:01:27.175&amp#27;[0;39m &amp#27;[32mDEBUG&amp#27;[0;39m &amp#27;[35m16773&amp#27;[0;39m &amp#27;[2m---&amp#27;[0;39m &amp#27;[2m[         task-1]&amp#27;[0;39m &amp#27;[36morg.hibernate.type.BasicTypeRegistry    &amp#27;[0;39m &amp#27;[2m:&amp#27;[0;39m Adding type registration nclob -> org.hibernate.type.NClobType@70b23fc2
&amp#27;[2m2024-11-12 19:01:27.175&amp#27;[0;39m &amp#27;[32mDEBUG&amp#27;[0;39m &amp#27;[35m16773&amp#27;[0;39m &amp#27;[2m---&amp#27;[0;39m &amp#27;[2m[         task-1]&amp#27;[0;39m &amp#27;[36morg.hibernate.type.BasicTypeRegistry    &amp#27;[0;39m &amp#27;[2m:&amp#27;[0;39m Adding type registration java.sql.NClob -> org.hibernate.type.NClobType@70b23fc2
&amp#27;[2m2024-11-12 19:01:27.176&amp#27;[0;39m &amp#27;[32mDEBUG&amp#27;[0;39m &amp#27;[35m16773&amp#27;[0;39m &amp#27;[2m---&amp#27;[0;39m &amp#27;[2m[         task-1]&amp#27;[0;39m &amp#27;[36morg.hibernate.type.BasicTypeRegistry    &amp#27;[0;39m &amp#27;[2m:&amp#27;[0;39m Adding type registration materialized_clob -> org.hibernate.type.MaterializedClobType@7525b705
&amp#27;[2m2024-11-12 19:01:27.177&amp#27;[0;39m &amp#27;[32mDEBUG&amp#27;[0;39m &amp#27;[35m16773&amp#27;[0;39m &amp#27;[2m---&amp#27;[0;39m &amp#27;[2m[         task-1]&amp#27;[0;39m &amp#27;[36morg.hibernate.type.BasicTypeRegistry    &amp#27;[0;39m &amp#27;[2m:&amp#27;[0;39m Adding type registration materialized_nclob -> org.hibernate.type.MaterializedNClobType@24b9b896
&amp#27;[2m2024-11-12 19:01:27.180&amp#27;[0;39m &amp#27;[32mDEBUG&amp#27;[0;39m &amp#27;[35m16773&amp#27;[0;39m &amp#27;[2m---&amp#27;[0;39m &amp#27;[2m[         task-1]&amp#27;[0;39m &amp#27;[36morg.hibernate.type.BasicTypeRegistry    &amp#27;[0;39m &amp#27;[2m:&amp#27;[0;39m Adding type registration serializable -> org.hibernate.type.SerializableType@556236a7
&amp#27;[2m2024-11-12 19:01:27.184&amp#27;[0;39m &amp#27;[32mDEBUG&amp#27;[0;39m &amp#27;[35m16773&amp#27;[0;39m &amp#27;[2m---&amp#27;[0;39m &amp#27;[2m[         task-1]&amp#27;[0;39m &amp#27;[36morg.hibernate.type.BasicTypeRegistry    &amp#27;[0;39m &amp#27;[2m:&amp#27;[0;39m Adding type registration object -> org.hibernate.type.ObjectType@120d158d
&amp#27;[2m2024-11-12 19:01:27.184&amp#27;[0;39m &amp#27;[32mDEBUG&amp#27;[0;39m &amp#27;[35m16773&amp#27;[0;39m &amp#27;[2m---&amp#27;[0;39m &amp#27;[2m[         task-1]&amp#27;[0;39m &amp#27;[36morg.hibernate.type.BasicTypeRegistry    &amp#27;[0;39m &amp#27;[2m:&amp#27;[0;39m Adding type registration java.lang.Object -> org.hibernate.type.ObjectType@120d158d
&amp#27;[2m2024-11-12 19:01:27.185&amp#27;[0;39m &amp#27;[32mDEBUG&amp#27;[0;39m &amp#27;[35m16773&amp#27;[0;39m &amp#27;[2m---&amp#27;[0;39m &amp#27;[2m[         task-1]&amp#27;[0;39m &amp#27;[36morg.hibernate.type.BasicTypeRegistry    &amp#27;[0;39m &amp#27;[2m:&amp#27;[0;39m Adding type registration imm_date -> org.hibernate.type.AdaptedImmutableType@660042e9
&amp#27;[2m2024-11-12 19:01:27.185&amp#27;[0;39m &amp#27;[32mDEBUG&amp#27;[0;39m &amp#27;[35m16773&amp#27;[0;39m &amp#27;[2m---&amp#27;[0;39m &amp#27;[2m[         task-1]&amp#27;[0;39m &amp#27;[36morg.hibernate.type.BasicTypeRegistry    &amp#27;[0;39m &amp#27;[2m:&amp#27;[0;39m Adding type registration imm_time -> org.hibernate.type.AdaptedImmutableType@1e49ceea
&amp#27;[2m2024-11-12 19:01:27.185&amp#27;[0;39m &amp#27;[32mDEBUG&amp#27;[0;39m &amp#27;[35m16773&amp#27;[0;39m &amp#27;[2m---&amp#27;[0;39m &amp#27;[2m[         task-1]&amp#27;[0;39m &amp#27;[36morg.hibernate.type.BasicTypeRegistry    &amp#27;[0;39m &amp#27;[2m:&amp#27;[0;39m Adding type registration imm_timestamp -> org.hibernate.type.AdaptedImmutableType@6931da63
&amp#27;[2m2024-11-12 19:01:27.185&amp#27;[0;39m &amp#27;[32mDEBUG&amp#27;[0;39m &amp#27;[35m16773&amp#27;[0;39m &amp#27;[2m---&amp#27;[0;39m &amp#27;[2m[         task-1]&amp#27;[0;39m &amp#27;[36morg.hibernate.type.BasicTypeRegistry    &amp#27;[0;39m &amp#27;[2m:&amp#27;[0;39m Adding type registration imm_dbtimestamp -> org.hibernate.type.AdaptedImmutableType@29c67d4a
&amp#27;[2m2024-11-12 19:01:27.185&amp#27;[0;39m &amp#27;[32mDEBUG&amp#27;[0;39m &amp#27;[35m16773&amp#27;[0;39m &amp#27;[2m---&amp#27;[0;39m &amp#27;[2m[         task-1]&amp#27;[0;39m &amp#27;[36morg.hibernate.type.BasicTypeRegistry    &amp#27;[0;39m &amp#27;[2m:&amp#27;[0;39m Adding type registration imm_calendar -> org.hibernate.type.AdaptedImmutableType@4db56591
&amp#27;[2m2024-11-12 19:01:27.185&amp#27;[0;39m &amp#27;[32mDEBUG&amp#27;[0;39m &amp#27;[35m16773&amp#27;[0;39m &amp#27;[2m---&amp#27;[0;39m &amp#27;[2m[         task-1]&amp#27;[0;39m &amp#27;[36morg.hibernate.type.BasicTypeRegistry    &amp#27;[0;39m &amp#27;[2m:&amp#27;[0;39m Adding type registration imm_calendar_date -> org.hibernate.type.AdaptedImmutableType@1ddbcc53
&amp#27;[2m2024-11-12 19:01:27.185&amp#27;[0;39m &amp#27;[32mDEBUG&amp#27;[0;39m &amp#27;[35m16773&amp#27;[0;39m &amp#27;[2m---&amp#27;[0;39m &amp#27;[2m[         task-1]&amp#27;[0;39m &amp#27;[36morg.hibernate.type.BasicTypeRegistry    &amp#27;[0;39m &amp#27;[2m:&amp#27;[0;39m Adding type registration imm_binary -> org.hibernate.type.AdaptedImmutableType@7a5eef49
&amp#27;[2m2024-11-12 19:01:27.186&amp#27;[0;39m &amp#27;[32mDEBUG&amp#27;[0;39m &amp#27;[35m16773&amp#27;[0;39m &amp#27;[2m---&amp#27;[0;39m &amp#27;[2m[         task-1]&amp#27;[0;39m &amp#27;[36morg.hibernate.type.BasicTypeRegistry    &amp#27;[0;39m &amp#27;[2m:&amp#27;[0;39m Adding type registration imm_serializable -> org.hibernate.type.AdaptedImmutableType@6068e165
&amp#27;[2m2024-11-12 19:01:27.267&amp#27;[0;39m &amp#27;[32m INFO&amp#27;[0;39m &amp#27;[35m16773&amp#27;[0;39m &amp#27;[2m---&amp#27;[0;39m &amp#27;[2m[         task-1]&amp#27;[0;39m &amp#27;[36mcom.zaxxer.hikari.HikariDataSource      &amp#27;[0;39m &amp#27;[2m:&amp#27;[0;39m HikariPool-1 - Starting...
&amp#27;[2m2024-11-12 19:01:27.528&amp#27;[0;39m &amp#27;[32m INFO&amp#27;[0;39m &amp#27;[35m16773&amp#27;[0;39m &amp#27;[2m---&amp#27;[0;39m &amp#27;[2m[         task-1]&amp#27;[0;39m &amp#27;[36mcom.zaxxer.hikari.HikariDataSource      &amp#27;[0;39m &amp#27;[2m:&amp#27;[0;39m HikariPool-1 - Start completed.
&amp#27;[2m2024-11-12 19:01:27.551&amp#27;[0;39m &amp#27;[32m INFO&amp#27;[0;39m &amp#27;[35m16773&amp#27;[0;39m &amp#27;[2m---&amp#27;[0;39m &amp#27;[2m[         task-1]&amp#27;[0;39m &amp#27;[36morg.hibernate.dialect.Dialect           &amp#27;[0;39m &amp#27;[2m:&amp#27;[0;39m HHH000400: Using dialect: org.hibernate.dialect.MySQL5InnoDBDialect
&amp#27;[2m2024-11-12 19:01:27.665&amp#27;[0;39m &amp#27;[32mDEBUG&amp#27;[0;39m &amp#27;[35m16773&amp#27;[0;39m &amp#27;[2m---&amp#27;[0;39m &amp#27;[2m[         task-1]&amp#27;[0;39m &amp#27;[36mo.h.type.spi.TypeConfiguration$Scope    &amp#27;[0;39m &amp#27;[2m:&amp#27;[0;39m Scoping TypeConfiguration [org.hibernate.type.spi.TypeConfiguration@33befce0] to MetadataBuildingContext [org.hibernate.boot.internal.MetadataBuildingContextRootImpl@5b393491]
&amp#27;[2m2024-11-12 19:01:28.033&amp#27;[0;39m &amp#27;[32mDEBUG&amp#27;[0;39m &amp#27;[35m16773&amp#27;[0;39m &amp#27;[2m---&amp#27;[0;39m &amp#27;[2m[         task-1]&amp#27;[0;39m &amp#27;[36mo.h.type.spi.TypeConfiguration$Scope    &amp#27;[0;39m &amp#27;[2m:&amp#27;[0;39m Scoping TypeConfiguration [org.hibernate.type.spi.TypeConfiguration@33befce0] to SessionFactoryImpl [org.hibernate.internal.SessionFactoryImpl@b2ac32f]
&amp#27;[2m2024-11-12 19:01:28.753&amp#27;[0;39m &amp#27;[32m INFO&amp#27;[0;39m &amp#27;[35m16773&amp#27;[0;39m &amp#27;[2m---&amp#27;[0;39m &amp#27;[2m[         task-1]&amp#27;[0;39m &amp#27;[36mo.h.e.t.j.p.i.JtaPlatformInitiator      &amp#27;[0;39m &amp#27;[2m:&amp#27;[0;39m HHH000490: Using JtaPlatform implementation: [org.hibernate.engine.transaction.jta.platform.internal.NoJtaPlatform]
&amp#27;[2m2024-11-12 19:01:28.761&amp#27;[0;39m &amp#27;[32mTRACE&amp#27;[0;39m &amp#27;[35m16773&amp#27;[0;39m &amp#27;[2m---&amp#27;[0;39m &amp#27;[2m[         task-1]&amp#27;[0;39m &amp#27;[36mo.h.type.spi.TypeConfiguration$Scope    &amp#27;[0;39m &amp#27;[2m:&amp#27;[0;39m Handling #sessionFactoryCreated from [org.hibernate.internal.SessionFactoryImpl@b2ac32f] for TypeConfiguration
&amp#27;[2m2024-11-12 19:01:28.765&amp#27;[0;39m &amp#27;[32m INFO&amp#27;[0;39m &amp#27;[35m16773&amp#27;[0;39m &amp#27;[2m---&amp#27;[0;39m &amp#27;[2m[         task-1]&amp#27;[0;39m &amp#27;[36mj.LocalContainerEntityManagerFactoryBean&amp#27;[0;39m &amp#27;[2m:&amp#27;[0;39m Initialized JPA EntityManagerFactory for persistence unit 'default'
&amp#27;[2m2024-11-12 19:01:28.766&amp#27;[0;39m &amp#27;[32mTRACE&amp#27;[0;39m &amp#27;[35m16773&amp#27;[0;39m &amp#27;[2m---&amp#27;[0;39m &amp#27;[2m[           main]&amp#27;[0;39m &amp#27;[36mo.h.type.spi.TypeConfiguration$Scope    &amp#27;[0;39m &amp#27;[2m:&amp#27;[0;39m Handling #sessionFactoryClosed from [org.hibernate.internal.SessionFactoryImpl@b2ac32f] for TypeConfiguration
&amp#27;[2m2024-11-12 19:01:28.767&amp#27;[0;39m &amp#27;[32mDEBUG&amp#27;[0;39m &amp#27;[35m16773&amp#27;[0;39m &amp#27;[2m---&amp#27;[0;39m &amp#27;[2m[           main]&amp#27;[0;39m &amp#27;[36mo.h.type.spi.TypeConfiguration$Scope    &amp#27;[0;39m &amp#27;[2m:&amp#27;[0;39m Un-scoping TypeConfiguration [org.hibernate.type.spi.TypeConfiguration$Scope@1db87583] from SessionFactory [org.hibernate.internal.SessionFactoryImpl@b2ac32f]
&amp#27;[2m2024-11-12 19:01:28.773&amp#27;[0;39m &amp#27;[32m INFO&amp#27;[0;39m &amp#27;[35m16773&amp#27;[0;39m &amp#27;[2m---&amp#27;[0;39m &amp#27;[2m[           main]&amp#27;[0;39m &amp#27;[36mo.s.s.concurrent.ThreadPoolTaskExecutor &amp#27;[0;39m &amp#27;[2m:&amp#27;[0;39m Shutting down ExecutorService 'applicationTaskExecutor'
&amp#27;[2m2024-11-12 19:01:28.774&amp#27;[0;39m &amp#27;[32m INFO&amp#27;[0;39m &amp#27;[35m16773&amp#27;[0;39m &amp#27;[2m---&amp#27;[0;39m &amp#27;[2m[           main]&amp#27;[0;39m &amp#27;[36mcom.zaxxer.hikari.HikariDataSource      &amp#27;[0;39m &amp#27;[2m:&amp#27;[0;39m HikariPool-1 - Shutdown initiated...
&amp#27;[2m2024-11-12 19:01:28.791&amp#27;[0;39m &amp#27;[32m INFO&amp#27;[0;39m &amp#27;[35m16773&amp#27;[0;39m &amp#27;[2m---&amp#27;[0;39m &amp#27;[2m[           main]&amp#27;[0;39m &amp#27;[36mcom.zaxxer.hikari.HikariDataSource      &amp#27;[0;39m &amp#27;[2m:&amp#27;[0;39m HikariPool-1 - Shutdown completed.
&amp#27;[2m2024-11-12 19:01:28.807&amp#27;[0;39m &amp#27;[32m INFO&amp#27;[0;39m &amp#27;[35m16773&amp#27;[0;39m &amp#27;[2m---&amp#27;[0;39m &amp#27;[2m[           main]&amp#27;[0;39m &amp#27;[36mConditionEvaluationReportLoggingListener&amp#27;[0;39m &amp#27;[2m:&amp#27;[0;39m 

Error starting ApplicationContext. To display the conditions report re-run your application with 'debug' enabled.
&amp#27;[2m2024-11-12 19:01:28.932&amp#27;[0;39m &amp#27;[31mERROR&amp#27;[0;39m &amp#27;[35m16773&amp#27;[0;39m &amp#27;[2m---&amp#27;[0;39m &amp#27;[2m[           main]&amp#27;[0;39m &amp#27;[36mo.s.b.d.LoggingFailureAnalysisReporter  &amp#27;[0;39m &amp#27;[2m:&amp#27;[0;39m 

***************************
APPLICATION FAILED TO START
***************************

Description:

Field cloudinary in net.javaguides.springboot.Service.CloudinaryServiceImplementation required a bean of type 'com.cloudinary.Cloudinary' that could not be found.

The injection point has the following annotations:
	- @org.springframework.beans.factory.annotation.Autowired(required=true)


Action:

Consider defining a bean of type 'com.cloudinary.Cloudinary' in your configuration.

&amp#27;[2m2024-11-12 19:01:28.938&amp#27;[0;39m &amp#27;[31mERROR&amp#27;[0;39m &amp#27;[35m16773&amp#27;[0;39m &amp#27;[2m---&amp#27;[0;39m &amp#27;[2m[           main]&amp#27;[0;39m &amp#27;[36mo.s.test.context.TestContextManager     &amp#27;[0;39m &amp#27;[2m:&amp#27;[0;39m Caught exception while allowing TestExecutionListener [org.springframework.test.context.web.ServletTestExecutionListener@10289886] to prepare test instance [net.javaguides.springboot.RegistrationLoginSpringBootSecurityThymeleafApplicationTests@7c5d1d25]

java.lang.IllegalStateException: Failed to load ApplicationContext
	at org.springframework.test.context.cache.DefaultCacheAwareContextLoaderDelegate.loadContext(DefaultCacheAwareContextLoaderDelegate.java:132) ~[spring-test-5.2.6.RELEASE.jar:5.2.6.RELEASE]
	at org.springframework.test.context.support.DefaultTestContext.getApplicationContext(DefaultTestContext.java:123) ~[spring-test-5.2.6.RELEASE.jar:5.2.6.RELEASE]
	at org.springframework.test.context.web.ServletTestExecutionListener.setUpRequestContextIfNecessary(ServletTestExecutionListener.java:190) ~[spring-test-5.2.6.RELEASE.jar:5.2.6.RELEASE]
	at org.springframework.test.context.web.ServletTestExecutionListener.prepareTestInstance(ServletTestExecutionListener.java:132) ~[spring-test-5.2.6.RELEASE.jar:5.2.6.RELEASE]
	at org.springframework.test.context.TestContextManager.prepareTestInstance(TestContextManager.java:244) ~[spring-test-5.2.6.RELEASE.jar:5.2.6.RELEASE]
	at org.springframework.test.context.junit.jupiter.SpringExtension.postProcessTestInstance(SpringExtension.java:98) ~[spring-test-5.2.6.RELEASE.jar:5.2.6.RELEASE]
	at org.junit.jupiter.engine.descriptor.ClassBasedTestDescriptor.lambda$invokeTestInstancePostProcessors$5(ClassBasedTestDescriptor.java:341) ~[junit-jupiter-engine-5.6.2.jar:5.6.2]
	at org.junit.jupiter.engine.descriptor.ClassBasedTestDescriptor.executeAndMaskThrowable(ClassBasedTestDescriptor.java:346) ~[junit-jupiter-engine-5.6.2.jar:5.6.2]
	at org.junit.jupiter.engine.descriptor.ClassBasedTestDescriptor.lambda$invokeTestInstancePostProcessors$6(ClassBasedTestDescriptor.java:341) ~[junit-jupiter-engine-5.6.2.jar:5.6.2]
	at java.base/java.util.stream.ReferencePipeline$3$1.accept(ReferencePipeline.java:212) ~[na:na]
	at java.base/java.util.stream.ReferencePipeline$2$1.accept(ReferencePipeline.java:194) ~[na:na]
	at java.base/java.util.ArrayList$ArrayListSpliterator.forEachRemaining(ArrayList.java:1709) ~[na:na]
	at java.base/java.util.stream.AbstractPipeline.copyInto(AbstractPipeline.java:556) ~[na:na]
	at java.base/java.util.stream.AbstractPipeline.wrapAndCopyInto(AbstractPipeline.java:546) ~[na:na]
	at java.base/java.util.stream.StreamSpliterators$WrappingSpliterator.forEachRemaining(StreamSpliterators.java:310) ~[na:na]
	at java.base/java.util.stream.Streams$ConcatSpliterator.forEachRemaining(Streams.java:735) ~[na:na]
	at java.base/java.util.stream.Streams$ConcatSpliterator.forEachRemaining(Streams.java:734) ~[na:na]
	at java.base/java.util.stream.ReferencePipeline$Head.forEach(ReferencePipeline.java:782) ~[na:na]
	at org.junit.jupiter.engine.descriptor.ClassBasedTestDescriptor.invokeTestInstancePostProcessors(ClassBasedTestDescriptor.java:340) ~[junit-jupiter-engine-5.6.2.jar:5.6.2]
	at org.junit.jupiter.engine.descriptor.ClassBasedTestDescriptor.instantiateAndPostProcessTestInstance(ClassBasedTestDescriptor.java:263) ~[junit-jupiter-engine-5.6.2.jar:5.6.2]
	at org.junit.jupiter.engine.descriptor.ClassBasedTestDescriptor.lambda$testInstancesProvider$2(ClassBasedTestDescriptor.java:256) ~[junit-jupiter-engine-5.6.2.jar:5.6.2]
	at java.base/java.util.Optional.orElseGet(Optional.java:364) ~[na:na]
	at org.junit.jupiter.engine.descriptor.ClassBasedTestDescriptor.lambda$testInstancesProvider$3(ClassBasedTestDescriptor.java:255) ~[junit-jupiter-engine-5.6.2.jar:5.6.2]
	at org.junit.jupiter.engine.execution.TestInstancesProvider.getTestInstances(TestInstancesProvider.java:29) ~[junit-jupiter-engine-5.6.2.jar:5.6.2]
	at org.junit.jupiter.engine.descriptor.TestMethodTestDescriptor.lambda$prepare$0(TestMethodTestDescriptor.java:108) ~[junit-jupiter-engine-5.6.2.jar:5.6.2]
	at org.junit.platform.engine.support.hierarchical.ThrowableCollector.execute(ThrowableCollector.java:73) ~[junit-platform-engine-1.6.2.jar:1.6.2]
	at org.junit.jupiter.engine.descriptor.TestMethodTestDescriptor.prepare(TestMethodTestDescriptor.java:107) ~[junit-jupiter-engine-5.6.2.jar:5.6.2]
	at org.junit.jupiter.engine.descriptor.TestMethodTestDescriptor.prepare(TestMethodTestDescriptor.java:71) ~[junit-jupiter-engine-5.6.2.jar:5.6.2]
	at org.junit.platform.engine.support.hierarchical.NodeTestTask.lambda$prepare$1(NodeTestTask.java:107) ~[junit-platform-engine-1.6.2.jar:1.6.2]
	at org.junit.platform.engine.support.hierarchical.ThrowableCollector.execute(ThrowableCollector.java:73) ~[junit-platform-engine-1.6.2.jar:1.6.2]
	at org.junit.platform.engine.support.hierarchical.NodeTestTask.prepare(NodeTestTask.java:107) ~[junit-platform-engine-1.6.2.jar:1.6.2]
	at org.junit.platform.engine.support.hierarchical.NodeTestTask.execute(NodeTestTask.java:75) ~[junit-platform-engine-1.6.2.jar:1.6.2]
	at java.base/java.util.ArrayList.forEach(ArrayList.java:1597) ~[na:na]
	at org.junit.platform.engine.support.hierarchical.SameThreadHierarchicalTestExecutorService.invokeAll(SameThreadHierarchicalTestExecutorService.java:38) ~[junit-platform-engine-1.6.2.jar:1.6.2]
	at org.junit.platform.engine.support.hierarchical.NodeTestTask.lambda$executeRecursively$5(NodeTestTask.java:139) ~[junit-platform-engine-1.6.2.jar:1.6.2]
	at org.junit.platform.engine.support.hierarchical.ThrowableCollector.execute(ThrowableCollector.java:73) ~[junit-platform-engine-1.6.2.jar:1.6.2]
	at org.junit.platform.engine.support.hierarchical.NodeTestTask.lambda$executeRecursively$7(NodeTestTask.java:125) ~[junit-platform-engine-1.6.2.jar:1.6.2]
	at org.junit.platform.engine.support.hierarchical.Node.around(Node.java:135) ~[junit-platform-engine-1.6.2.jar:1.6.2]
	at org.junit.platform.engine.support.hierarchical.NodeTestTask.lambda$executeRecursively$8(NodeTestTask.java:123) ~[junit-platform-engine-1.6.2.jar:1.6.2]
	at org.junit.platform.engine.support.hierarchical.ThrowableCollector.execute(ThrowableCollector.java:73) ~[junit-platform-engine-1.6.2.jar:1.6.2]
	at org.junit.platform.engine.support.hierarchical.NodeTestTask.executeRecursively(NodeTestTask.java:122) ~[junit-platform-engine-1.6.2.jar:1.6.2]
	at org.junit.platform.engine.support.hierarchical.NodeTestTask.execute(NodeTestTask.java:80) ~[junit-platform-engine-1.6.2.jar:1.6.2]
	at java.base/java.util.ArrayList.forEach(ArrayList.java:1597) ~[na:na]
	at org.junit.platform.engine.support.hierarchical.SameThreadHierarchicalTestExecutorService.invokeAll(SameThreadHierarchicalTestExecutorService.java:38) ~[junit-platform-engine-1.6.2.jar:1.6.2]
	at org.junit.platform.engine.support.hierarchical.NodeTestTask.lambda$executeRecursively$5(NodeTestTask.java:139) ~[junit-platform-engine-1.6.2.jar:1.6.2]
	at org.junit.platform.engine.support.hierarchical.ThrowableCollector.execute(ThrowableCollector.java:73) ~[junit-platform-engine-1.6.2.jar:1.6.2]
	at org.junit.platform.engine.support.hierarchical.NodeTestTask.lambda$executeRecursively$7(NodeTestTask.java:125) ~[junit-platform-engine-1.6.2.jar:1.6.2]
	at org.junit.platform.engine.support.hierarchical.Node.around(Node.java:135) ~[junit-platform-engine-1.6.2.jar:1.6.2]
	at org.junit.platform.engine.support.hierarchical.NodeTestTask.lambda$executeRecursively$8(NodeTestTask.java:123) ~[junit-platform-engine-1.6.2.jar:1.6.2]
	at org.junit.platform.engine.support.hierarchical.ThrowableCollector.execute(ThrowableCollector.java:73) ~[junit-platform-engine-1.6.2.jar:1.6.2]
	at org.junit.platform.engine.support.hierarchical.NodeTestTask.executeRecursively(NodeTestTask.java:122) ~[junit-platform-engine-1.6.2.jar:1.6.2]
	at org.junit.platform.engine.support.hierarchical.NodeTestTask.execute(NodeTestTask.java:80) ~[junit-platform-engine-1.6.2.jar:1.6.2]
	at org.junit.platform.engine.support.hierarchical.SameThreadHierarchicalTestExecutorService.submit(SameThreadHierarchicalTestExecutorService.java:32) ~[junit-platform-engine-1.6.2.jar:1.6.2]
	at org.junit.platform.engine.support.hierarchical.HierarchicalTestExecutor.execute(HierarchicalTestExecutor.java:57) ~[junit-platform-engine-1.6.2.jar:1.6.2]
	at org.junit.platform.engine.support.hierarchical.HierarchicalTestEngine.execute(HierarchicalTestEngine.java:51) ~[junit-platform-engine-1.6.2.jar:1.6.2]
	at org.junit.platform.launcher.core.DefaultLauncher.execute(DefaultLauncher.java:220) ~[junit-platform-launcher-1.3.1.jar:1.3.1]
	at org.junit.platform.launcher.core.DefaultLauncher.lambda$execute$6(DefaultLauncher.java:188) ~[junit-platform-launcher-1.3.1.jar:1.3.1]
	at org.junit.platform.launcher.core.DefaultLauncher.withInterceptedStreams(DefaultLauncher.java:202) ~[junit-platform-launcher-1.3.1.jar:1.3.1]
	at org.junit.platform.launcher.core.DefaultLauncher.execute(DefaultLauncher.java:181) ~[junit-platform-launcher-1.3.1.jar:1.3.1]
	at org.junit.platform.launcher.core.DefaultLauncher.execute(DefaultLauncher.java:128) ~[junit-platform-launcher-1.3.1.jar:1.3.1]
	at org.apache.maven.surefire.junitplatform.JUnitPlatformProvider.invokeAllTests(JUnitPlatformProvider.java:150) ~[surefire-junit-platform-2.22.2.jar:2.22.2]
	at org.apache.maven.surefire.junitplatform.JUnitPlatformProvider.invoke(JUnitPlatformProvider.java:124) ~[surefire-junit-platform-2.22.2.jar:2.22.2]
	at org.apache.maven.surefire.booter.ForkedBooter.invokeProviderInSameClassLoader(ForkedBooter.java:384) ~[surefire-booter-2.22.2.jar:2.22.2]
	at org.apache.maven.surefire.booter.ForkedBooter.runSuitesInProcess(ForkedBooter.java:345) ~[surefire-booter-2.22.2.jar:2.22.2]
	at org.apache.maven.surefire.booter.ForkedBooter.execute(ForkedBooter.java:126) ~[surefire-booter-2.22.2.jar:2.22.2]
	at org.apache.maven.surefire.booter.ForkedBooter.main(ForkedBooter.java:418) ~[surefire-booter-2.22.2.jar:2.22.2]
Caused by: org.springframework.beans.factory.UnsatisfiedDependencyException: Error creating bean with name 'cloudinaryServiceImplementation': Unsatisfied dependency expressed through field 'cloudinary'; nested exception is org.springframework.beans.factory.NoSuchBeanDefinitionException: No qualifying bean of type 'com.cloudinary.Cloudinary' available: expected at least 1 bean which qualifies as autowire candidate. Dependency annotations: {@org.springframework.beans.factory.annotation.Autowired(required=true)}
	at org.springframework.beans.factory.annotation.AutowiredAnnotationBeanPostProcessor$AutowiredFieldElement.inject(AutowiredAnnotationBeanPostProcessor.java:643) ~[spring-beans-5.2.6.RELEASE.jar:5.2.6.RELEASE]
	at org.springframework.beans.factory.annotation.InjectionMetadata.inject(InjectionMetadata.java:130) ~[spring-beans-5.2.6.RELEASE.jar:5.2.6.RELEASE]
	at org.springframework.beans.factory.annotation.AutowiredAnnotationBeanPostProcessor.postProcessProperties(AutowiredAnnotationBeanPostProcessor.java:399) ~[spring-beans-5.2.6.RELEASE.jar:5.2.6.RELEASE]
	at org.springframework.beans.factory.support.AbstractAutowireCapableBeanFactory.populateBean(AbstractAutowireCapableBeanFactory.java:1422) ~[spring-beans-5.2.6.RELEASE.jar:5.2.6.RELEASE]
	at org.springframework.beans.factory.support.AbstractAutowireCapableBeanFactory.doCreateBean(AbstractAutowireCapableBeanFactory.java:594) ~[spring-beans-5.2.6.RELEASE.jar:5.2.6.RELEASE]
	at org.springframework.beans.factory.support.AbstractAutowireCapableBeanFactory.createBean(AbstractAutowireCapableBeanFactory.java:517) ~[spring-beans-5.2.6.RELEASE.jar:5.2.6.RELEASE]
	at org.springframework.beans.factory.support.AbstractBeanFactory.lambda$doGetBean$0(AbstractBeanFactory.java:323) ~[spring-beans-5.2.6.RELEASE.jar:5.2.6.RELEASE]
	at org.springframework.beans.factory.support.DefaultSingletonBeanRegistry.getSingleton(DefaultSingletonBeanRegistry.java:226) ~[spring-beans-5.2.6.RELEASE.jar:5.2.6.RELEASE]
	at org.springframework.beans.factory.support.AbstractBeanFactory.doGetBean(AbstractBeanFactory.java:321) ~[spring-beans-5.2.6.RELEASE.jar:5.2.6.RELEASE]
	at org.springframework.beans.factory.support.AbstractBeanFactory.getBean(AbstractBeanFactory.java:202) ~[spring-beans-5.2.6.RELEASE.jar:5.2.6.RELEASE]
	at org.springframework.beans.factory.support.DefaultListableBeanFactory.preInstantiateSingletons(DefaultListableBeanFactory.java:895) ~[spring-beans-5.2.6.RELEASE.jar:5.2.6.RELEASE]
	at org.springframework.context.support.AbstractApplicationContext.finishBeanFactoryInitialization(AbstractApplicationContext.java:878) ~[spring-context-5.2.6.RELEASE.jar:5.2.6.RELEASE]
	at org.springframework.context.support.AbstractApplicationContext.refresh(AbstractApplicationContext.java:550) ~[spring-context-5.2.6.RELEASE.jar:5.2.6.RELEASE]
	at org.springframework.boot.SpringApplication.refresh(SpringApplication.java:758) ~[spring-boot-2.3.0.RELEASE.jar:2.3.0.RELEASE]
	at org.springframework.boot.SpringApplication.refresh(SpringApplication.java:750) ~[spring-boot-2.3.0.RELEASE.jar:2.3.0.RELEASE]
	at org.springframework.boot.SpringApplication.refreshContext(SpringApplication.java:397) ~[spring-boot-2.3.0.RELEASE.jar:2.3.0.RELEASE]
	at org.springframework.boot.SpringApplication.run(SpringApplication.java:315) ~[spring-boot-2.3.0.RELEASE.jar:2.3.0.RELEASE]
	at org.springframework.boot.test.context.SpringBootContextLoader.loadContext(SpringBootContextLoader.java:120) ~[spring-boot-test-2.3.0.RELEASE.jar:2.3.0.RELEASE]
	at org.springframework.test.context.cache.DefaultCacheAwareContextLoaderDelegate.loadContextInternal(DefaultCacheAwareContextLoaderDelegate.java:99) ~[spring-test-5.2.6.RELEASE.jar:5.2.6.RELEASE]
	at org.springframework.test.context.cache.DefaultCacheAwareContextLoaderDelegate.loadContext(DefaultCacheAwareContextLoaderDelegate.java:124) ~[spring-test-5.2.6.RELEASE.jar:5.2.6.RELEASE]
	... 65 common frames omitted
Caused by: org.springframework.beans.factory.NoSuchBeanDefinitionException: No qualifying bean of type 'com.cloudinary.Cloudinary' available: expected at least 1 bean which qualifies as autowire candidate. Dependency annotations: {@org.springframework.beans.factory.annotation.Autowired(required=true)}
	at org.springframework.beans.factory.support.DefaultListableBeanFactory.raiseNoMatchingBeanFound(DefaultListableBeanFactory.java:1716) ~[spring-beans-5.2.6.RELEASE.jar:5.2.6.RELEASE]
	at org.springframework.beans.factory.support.DefaultListableBeanFactory.doResolveDependency(DefaultListableBeanFactory.java:1272) ~[spring-beans-5.2.6.RELEASE.jar:5.2.6.RELEASE]
	at org.springframework.beans.factory.support.DefaultListableBeanFactory.resolveDependency(DefaultListableBeanFactory.java:1226) ~[spring-beans-5.2.6.RELEASE.jar:5.2.6.RELEASE]
	at org.springframework.beans.factory.annotation.AutowiredAnnotationBeanPostProcessor$AutowiredFieldElement.inject(AutowiredAnnotationBeanPostProcessor.java:640) ~[spring-beans-5.2.6.RELEASE.jar:5.2.6.RELEASE]
	... 84 common frames omitted

]]></system-out>
    <system-err><![CDATA[Exception in thread "task-2" org.springframework.beans.factory.BeanCreationNotAllowedException: Error creating bean with name 'delegatingApplicationListener': Singleton bean creation not allowed while singletons of this factory are in destruction (Do not request a bean from a BeanFactory in a destroy method implementation!)
	at org.springframework.beans.factory.support.DefaultSingletonBeanRegistry.getSingleton(DefaultSingletonBeanRegistry.java:212)
	at org.springframework.beans.factory.support.AbstractBeanFactory.doGetBean(AbstractBeanFactory.java:321)
	at org.springframework.beans.factory.support.AbstractBeanFactory.getBean(AbstractBeanFactory.java:207)
	at org.springframework.context.event.AbstractApplicationEventMulticaster.retrieveApplicationListeners(AbstractApplicationEventMulticaster.java:245)
	at org.springframework.context.event.AbstractApplicationEventMulticaster.getApplicationListeners(AbstractApplicationEventMulticaster.java:197)
	at org.springframework.context.event.SimpleApplicationEventMulticaster.multicastEvent(SimpleApplicationEventMulticaster.java:134)
	at org.springframework.context.support.AbstractApplicationContext.publishEvent(AbstractApplicationContext.java:403)
	at org.springframework.context.support.AbstractApplicationContext.publishEvent(AbstractApplicationContext.java:360)
	at org.springframework.boot.autoconfigure.orm.jpa.DataSourceInitializedPublisher.publishEventIfRequired(DataSourceInitializedPublisher.java:99)
	at org.springframework.boot.autoconfigure.orm.jpa.DataSourceInitializedPublisher.access$100(DataSourceInitializedPublisher.java:50)
	at org.springframework.boot.autoconfigure.orm.jpa.DataSourceInitializedPublisher$DataSourceSchemaCreatedPublisher.lambda$postProcessEntityManagerFactory$0(DataSourceInitializedPublisher.java:200)
	at java.base/java.util.concurrent.ThreadPoolExecutor.runWorker(ThreadPoolExecutor.java:1144)
	at java.base/java.util.concurrent.ThreadPoolExecutor$Worker.run(ThreadPoolExecutor.java:642)
	at java.base/java.lang.Thread.run(Thread.java:1570)
]]></system-err>
  </testcase>
</testsuite>